-- Found ament_cmake: 1.3.3 (/opt/ros/humble/share/ament_cmake/cmake)
-- Override CMake install command with custom implementation using symlinks instead of copying resources
-- Found rclcpp: 16.0.2 (/opt/ros/humble/share/rclcpp/cmake)
-- Found rosidl_generator_c: 3.1.4 (/opt/ros/humble/share/rosidl_generator_c/cmake)
-- Found rosidl_adapter: 3.1.4 (/opt/ros/humble/share/rosidl_adapter/cmake)
-- Found rosidl_generator_cpp: 3.1.4 (/opt/ros/humble/share/rosidl_generator_cpp/cmake)
-- Using all available rosidl_typesupport_c: rosidl_typesupport_fastrtps_c;rosidl_typesupport_introspection_c
-- Using all available rosidl_typesupport_cpp: rosidl_typesupport_fastrtps_cpp;rosidl_typesupport_introspection_cpp
-- Found rmw_implementation_cmake: 6.1.1 (/opt/ros/humble/share/rmw_implementation_cmake/cmake)
-- Found rmw_fastrtps_cpp: 6.2.2 (/opt/ros/humble/share/rmw_fastrtps_cpp/cmake)
-- Using RMW implementation 'rmw_fastrtps_cpp' as default
-- Found rclcpp_action: 16.0.2 (/opt/ros/humble/share/rclcpp_action/cmake)
-- Found plansys2_msgs: 2.0.8 (/root/plansys2_ws/install/plansys2_msgs/share/plansys2_msgs/cmake)
-- Found plansys2_executor: 2.0.8 (/root/plansys2_ws/install/plansys2_executor/share/plansys2_executor/cmake)
-- Found ament_lint_auto: 0.12.4 (/opt/ros/humble/share/ament_lint_auto/cmake)
-- Added test 'copyright' to check source files copyright and LICENSE
-- Added test 'cppcheck' to perform static code analysis on C / C++ code
-- Configured cppcheck include dirs: 
-- Configured cppcheck exclude dirs and/or files: 
-- Added test 'cpplint' to check C / C++ code against the Google style
-- Configured cpplint exclude dirs and/or files: 
-- Added test 'flake8' to check Python code syntax and style conventions
-- Added test 'lint_cmake' to check CMake code style
-- Added test 'pep257' to check Python code against some of the docstring style conventions in PEP 257
-- Added test 'uncrustify' to check C / C++ code style
-- Configured uncrustify additional arguments: 
-- Added test 'xmllint' to check XML markup files
-- Configuring done
-- Generating done
-- Build files have been written to: /root/shared/problem5/problem5popf/build/problem5popf
[35m[1mConsolidate compiler generated dependencies of target unload_action_node[0m
[35m[1mConsolidate compiler generated dependencies of target fill_action_node[0m
[35m[1mConsolidate compiler generated dependencies of target load_action_node[0m
[35m[1mConsolidate compiler generated dependencies of target move_action_node[0m
[35m[1mConsolidate compiler generated dependencies of target empty_action_node[0m
[ 10%] [32mBuilding CXX object CMakeFiles/fill_action_node.dir/src/fill_action_node.cpp.o[0m
[ 20%] [32mBuilding CXX object CMakeFiles/load_action_node.dir/src/load_action_node.cpp.o[0m
[ 30%] [32mBuilding CXX object CMakeFiles/unload_action_node.dir/src/unload_action_node.cpp.o[0m
[ 40%] [32mBuilding CXX object CMakeFiles/empty_action_node.dir/src/empty_action_node.cpp.o[0m
[ 50%] [32mBuilding CXX object CMakeFiles/move_action_node.dir/src/move_action_node.cpp.o[0m
[ 60%] [32m[1mLinking CXX executable move_action_node[0m
[ 70%] [32m[1mLinking CXX executable fill_action_node[0m
[ 70%] Built target move_action_node
[ 70%] Built target fill_action_node
[ 80%] [32m[1mLinking CXX executable empty_action_node[0m
[ 90%] [32m[1mLinking CXX executable load_action_node[0m
[100%] [32m[1mLinking CXX executable unload_action_node[0m
[100%] Built target empty_action_node
[100%] Built target load_action_node
[100%] Built target unload_action_node
-- Install configuration: ""
-- Execute custom install script
-- Up-to-date symlink: /root/shared/problem5/problem5popf/install/problem5popf/share/problem5popf/launch/commands
-- Up-to-date symlink: /root/shared/problem5/problem5popf/install/problem5popf/share/problem5popf/launch/launcher.py
-- Up-to-date symlink: /root/shared/problem5/problem5popf/install/problem5popf/share/problem5popf/pddl/domain.pddl
-- Up-to-date symlink: /root/shared/problem5/problem5popf/install/problem5popf/share/problem5popf/pddl/simple_example.pddl
-- Up-to-date symlink: /root/shared/problem5/problem5popf/install/problem5popf/lib/problem5popf/move_action_node
-- Up-to-date symlink: /root/shared/problem5/problem5popf/install/problem5popf/lib/problem5popf/load_action_node
-- Up-to-date symlink: /root/shared/problem5/problem5popf/install/problem5popf/lib/problem5popf/fill_action_node
-- Up-to-date symlink: /root/shared/problem5/problem5popf/install/problem5popf/lib/problem5popf/empty_action_node
-- Up-to-date symlink: /root/shared/problem5/problem5popf/install/problem5popf/lib/problem5popf/unload_action_node
-- Up-to-date symlink: /root/shared/problem5/problem5popf/install/problem5popf/share/ament_index/resource_index/package_run_dependencies/problem5popf
-- Up-to-date symlink: /root/shared/problem5/problem5popf/install/problem5popf/share/ament_index/resource_index/parent_prefix_path/problem5popf
-- Up-to-date symlink: /root/shared/problem5/problem5popf/install/problem5popf/share/problem5popf/environment/ament_prefix_path.sh
-- Up-to-date symlink: /root/shared/problem5/problem5popf/install/problem5popf/share/problem5popf/environment/ament_prefix_path.dsv
-- Up-to-date symlink: /root/shared/problem5/problem5popf/install/problem5popf/share/problem5popf/environment/path.sh
-- Up-to-date symlink: /root/shared/problem5/problem5popf/install/problem5popf/share/problem5popf/environment/path.dsv
-- Up-to-date symlink: /root/shared/problem5/problem5popf/install/problem5popf/share/problem5popf/local_setup.bash
-- Up-to-date symlink: /root/shared/problem5/problem5popf/install/problem5popf/share/problem5popf/local_setup.sh
-- Up-to-date symlink: /root/shared/problem5/problem5popf/install/problem5popf/share/problem5popf/local_setup.zsh
-- Up-to-date symlink: /root/shared/problem5/problem5popf/install/problem5popf/share/problem5popf/local_setup.dsv
-- Symlinking: /root/shared/problem5/problem5popf/install/problem5popf/share/problem5popf/package.dsv
-- Up-to-date symlink: /root/shared/problem5/problem5popf/install/problem5popf/share/ament_index/resource_index/packages/problem5popf
-- Up-to-date symlink: /root/shared/problem5/problem5popf/install/problem5popf/share/problem5popf/cmake/ament_cmake_export_dependencies-extras.cmake
-- Up-to-date symlink: /root/shared/problem5/problem5popf/install/problem5popf/share/problem5popf/cmake/problem5popfConfig.cmake
-- Up-to-date symlink: /root/shared/problem5/problem5popf/install/problem5popf/share/problem5popf/cmake/problem5popfConfig-version.cmake
-- Up-to-date symlink: /root/shared/problem5/problem5popf/install/problem5popf/share/problem5popf/package.xml
