[0.023s] Invoking command in '/root/shared/problem5/problem5popf/build/problem5popf': CMAKE_PREFIX_PATH=${CMAKE_PREFIX_PATH}:/opt/ros/humble /usr/bin/cmake --build /root/shared/problem5/problem5popf/build/problem5popf -- -j8 -l8
[0.059s] -- Found ament_cmake: 1.3.3 (/opt/ros/humble/share/ament_cmake/cmake)
[0.207s] -- Override CMake install command with custom implementation using symlinks instead of copying resources
[0.220s] -- Found rclcpp: 16.0.2 (/opt/ros/humble/share/rclcpp/cmake)
[0.259s] -- Found rosidl_generator_c: 3.1.4 (/opt/ros/humble/share/rosidl_generator_c/cmake)
[0.262s] -- Found rosidl_adapter: 3.1.4 (/opt/ros/humble/share/rosidl_adapter/cmake)
[0.270s] -- Found rosidl_generator_cpp: 3.1.4 (/opt/ros/humble/share/rosidl_generator_cpp/cmake)
[0.284s] -- Using all available rosidl_typesupport_c: rosidl_typesupport_fastrtps_c;rosidl_typesupport_introspection_c
[0.302s] -- Using all available rosidl_typesupport_cpp: rosidl_typesupport_fastrtps_cpp;rosidl_typesupport_introspection_cpp
[0.373s] -- Found rmw_implementation_cmake: 6.1.1 (/opt/ros/humble/share/rmw_implementation_cmake/cmake)
[0.375s] -- Found rmw_fastrtps_cpp: 6.2.2 (/opt/ros/humble/share/rmw_fastrtps_cpp/cmake)
[0.541s] -- Using RMW implementation 'rmw_fastrtps_cpp' as default
[0.725s] -- Found rclcpp_action: 16.0.2 (/opt/ros/humble/share/rclcpp_action/cmake)
[0.831s] -- Found plansys2_msgs: 2.0.8 (/root/plansys2_ws/install/plansys2_msgs/share/plansys2_msgs/cmake)
[0.943s] -- Found plansys2_executor: 2.0.8 (/root/plansys2_ws/install/plansys2_executor/share/plansys2_executor/cmake)
[8.590s] -- Found ament_lint_auto: 0.12.4 (/opt/ros/humble/share/ament_lint_auto/cmake)
[8.673s] -- Added test 'copyright' to check source files copyright and LICENSE
[8.696s] -- Added test 'cppcheck' to perform static code analysis on C / C++ code
[8.697s] -- Configured cppcheck include dirs: 
[8.697s] -- Configured cppcheck exclude dirs and/or files: 
[8.720s] -- Added test 'cpplint' to check C / C++ code against the Google style
[8.720s] -- Configured cpplint exclude dirs and/or files: 
[8.723s] -- Added test 'flake8' to check Python code syntax and style conventions
[8.729s] -- Added test 'lint_cmake' to check CMake code style
[8.732s] -- Added test 'pep257' to check Python code against some of the docstring style conventions in PEP 257
[8.757s] -- Added test 'uncrustify' to check C / C++ code style
[8.757s] -- Configured uncrustify additional arguments: 
[8.761s] -- Added test 'xmllint' to check XML markup files
[8.763s] -- Configuring done
[8.920s] -- Generating done
[8.922s] -- Build files have been written to: /root/shared/problem5/problem5popf/build/problem5popf
[8.959s] [35m[1mConsolidate compiler generated dependencies of target unload_action_node[0m
[8.960s] [35m[1mConsolidate compiler generated dependencies of target fill_action_node[0m
[8.962s] [35m[1mConsolidate compiler generated dependencies of target load_action_node[0m
[8.964s] [35m[1mConsolidate compiler generated dependencies of target move_action_node[0m
[8.964s] [35m[1mConsolidate compiler generated dependencies of target empty_action_node[0m
[8.992s] [ 10%] [32mBuilding CXX object CMakeFiles/fill_action_node.dir/src/fill_action_node.cpp.o[0m
[9.002s] [ 20%] [32mBuilding CXX object CMakeFiles/load_action_node.dir/src/load_action_node.cpp.o[0m
[9.005s] [ 30%] [32mBuilding CXX object CMakeFiles/unload_action_node.dir/src/unload_action_node.cpp.o[0m
[9.005s] [ 40%] [32mBuilding CXX object CMakeFiles/empty_action_node.dir/src/empty_action_node.cpp.o[0m
[9.006s] [ 50%] [32mBuilding CXX object CMakeFiles/move_action_node.dir/src/move_action_node.cpp.o[0m
[15.085s] [ 60%] [32m[1mLinking CXX executable move_action_node[0m
[15.272s] [ 70%] [32m[1mLinking CXX executable fill_action_node[0m
[17.111s] [ 70%] Built target move_action_node
[17.320s] [ 70%] Built target fill_action_node
[18.051s] [ 80%] [32m[1mLinking CXX executable empty_action_node[0m
[18.344s] [ 90%] [32m[1mLinking CXX executable load_action_node[0m
[18.428s] [100%] [32m[1mLinking CXX executable unload_action_node[0m
[20.224s] [100%] Built target empty_action_node
[20.511s] [100%] Built target load_action_node
[20.562s] [100%] Built target unload_action_node
[20.575s] Invoked command in '/root/shared/problem5/problem5popf/build/problem5popf' returned '0': CMAKE_PREFIX_PATH=${CMAKE_PREFIX_PATH}:/opt/ros/humble /usr/bin/cmake --build /root/shared/problem5/problem5popf/build/problem5popf -- -j8 -l8
[20.651s] Invoking command in '/root/shared/problem5/problem5popf/build/problem5popf': CMAKE_PREFIX_PATH=${CMAKE_PREFIX_PATH}:/opt/ros/humble /usr/bin/cmake --install /root/shared/problem5/problem5popf/build/problem5popf
[20.660s] -- Install configuration: ""
[20.660s] -- Execute custom install script
[20.661s] -- Up-to-date symlink: /root/shared/problem5/problem5popf/install/problem5popf/share/problem5popf/launch/commands
[20.661s] -- Up-to-date symlink: /root/shared/problem5/problem5popf/install/problem5popf/share/problem5popf/launch/launcher.py
[20.661s] -- Up-to-date symlink: /root/shared/problem5/problem5popf/install/problem5popf/share/problem5popf/pddl/domain.pddl
[20.661s] -- Up-to-date symlink: /root/shared/problem5/problem5popf/install/problem5popf/share/problem5popf/pddl/simple_example.pddl
[20.662s] -- Up-to-date symlink: /root/shared/problem5/problem5popf/install/problem5popf/lib/problem5popf/move_action_node
[20.662s] -- Up-to-date symlink: /root/shared/problem5/problem5popf/install/problem5popf/lib/problem5popf/load_action_node
[20.662s] -- Up-to-date symlink: /root/shared/problem5/problem5popf/install/problem5popf/lib/problem5popf/fill_action_node
[20.663s] -- Up-to-date symlink: /root/shared/problem5/problem5popf/install/problem5popf/lib/problem5popf/empty_action_node
[20.663s] -- Up-to-date symlink: /root/shared/problem5/problem5popf/install/problem5popf/lib/problem5popf/unload_action_node
[20.663s] -- Up-to-date symlink: /root/shared/problem5/problem5popf/install/problem5popf/share/ament_index/resource_index/package_run_dependencies/problem5popf
[20.663s] -- Up-to-date symlink: /root/shared/problem5/problem5popf/install/problem5popf/share/ament_index/resource_index/parent_prefix_path/problem5popf
[20.664s] -- Up-to-date symlink: /root/shared/problem5/problem5popf/install/problem5popf/share/problem5popf/environment/ament_prefix_path.sh
[20.664s] -- Up-to-date symlink: /root/shared/problem5/problem5popf/install/problem5popf/share/problem5popf/environment/ament_prefix_path.dsv
[20.664s] -- Up-to-date symlink: /root/shared/problem5/problem5popf/install/problem5popf/share/problem5popf/environment/path.sh
[20.664s] -- Up-to-date symlink: /root/shared/problem5/problem5popf/install/problem5popf/share/problem5popf/environment/path.dsv
[20.664s] -- Up-to-date symlink: /root/shared/problem5/problem5popf/install/problem5popf/share/problem5popf/local_setup.bash
[20.665s] -- Up-to-date symlink: /root/shared/problem5/problem5popf/install/problem5popf/share/problem5popf/local_setup.sh
[20.665s] -- Up-to-date symlink: /root/shared/problem5/problem5popf/install/problem5popf/share/problem5popf/local_setup.zsh
[20.665s] -- Up-to-date symlink: /root/shared/problem5/problem5popf/install/problem5popf/share/problem5popf/local_setup.dsv
[20.666s] -- Symlinking: /root/shared/problem5/problem5popf/install/problem5popf/share/problem5popf/package.dsv
[20.676s] -- Up-to-date symlink: /root/shared/problem5/problem5popf/install/problem5popf/share/ament_index/resource_index/packages/problem5popf
[20.676s] -- Up-to-date symlink: /root/shared/problem5/problem5popf/install/problem5popf/share/problem5popf/cmake/ament_cmake_export_dependencies-extras.cmake
[20.676s] -- Up-to-date symlink: /root/shared/problem5/problem5popf/install/problem5popf/share/problem5popf/cmake/problem5popfConfig.cmake
[20.677s] -- Up-to-date symlink: /root/shared/problem5/problem5popf/install/problem5popf/share/problem5popf/cmake/problem5popfConfig-version.cmake
[20.677s] -- Up-to-date symlink: /root/shared/problem5/problem5popf/install/problem5popf/share/problem5popf/package.xml
[20.679s] Invoked command in '/root/shared/problem5/problem5popf/build/problem5popf' returned '0': CMAKE_PREFIX_PATH=${CMAKE_PREFIX_PATH}:/opt/ros/humble /usr/bin/cmake --install /root/shared/problem5/problem5popf/build/problem5popf
