[0.022s] Invoking command in '/root/shared/problem5/problem5popf/build/problem5popf': CMAKE_PREFIX_PATH=${CMAKE_PREFIX_PATH}:/opt/ros/humble /usr/bin/cmake --build /root/shared/problem5/problem5popf/build/problem5popf -- -j8 -l8
[0.086s] [35m[1mConsolidate compiler generated dependencies of target move_action_node[0m
[0.086s] [35m[1mConsolidate compiler generated dependencies of target unload_action_node[0m
[0.089s] [35m[1mConsolidate compiler generated dependencies of target fill_action_node[0m
[0.091s] [35m[1mConsolidate compiler generated dependencies of target empty_action_node[0m
[0.095s] [35m[1mConsolidate compiler generated dependencies of target load_action_node[0m
[0.126s] [ 20%] Built target unload_action_node
[0.128s] [ 40%] Built target move_action_node
[0.135s] [ 60%] Built target fill_action_node
[0.138s] [ 80%] Built target load_action_node
[0.140s] [100%] Built target empty_action_node
[0.155s] Invoked command in '/root/shared/problem5/problem5popf/build/problem5popf' returned '0': CMAKE_PREFIX_PATH=${CMAKE_PREFIX_PATH}:/opt/ros/humble /usr/bin/cmake --build /root/shared/problem5/problem5popf/build/problem5popf -- -j8 -l8
[0.226s] Invoking command in '/root/shared/problem5/problem5popf/build/problem5popf': CMAKE_PREFIX_PATH=${CMAKE_PREFIX_PATH}:/opt/ros/humble /usr/bin/cmake --install /root/shared/problem5/problem5popf/build/problem5popf
[0.236s] -- Install configuration: ""
[0.236s] -- Execute custom install script
[0.237s] -- Up-to-date symlink: /root/shared/problem5/problem5popf/install/problem5popf/share/problem5popf/launch/commands
[0.237s] -- Up-to-date symlink: /root/shared/problem5/problem5popf/install/problem5popf/share/problem5popf/launch/launcher.py
[0.238s] -- Up-to-date symlink: /root/shared/problem5/problem5popf/install/problem5popf/share/problem5popf/pddl/domain.pddl
[0.238s] -- Up-to-date symlink: /root/shared/problem5/problem5popf/install/problem5popf/share/problem5popf/pddl/simple_example.pddl
[0.238s] -- Up-to-date symlink: /root/shared/problem5/problem5popf/install/problem5popf/lib/problem5popf/move_action_node
[0.239s] -- Up-to-date symlink: /root/shared/problem5/problem5popf/install/problem5popf/lib/problem5popf/load_action_node
[0.239s] -- Up-to-date symlink: /root/shared/problem5/problem5popf/install/problem5popf/lib/problem5popf/fill_action_node
[0.239s] -- Up-to-date symlink: /root/shared/problem5/problem5popf/install/problem5popf/lib/problem5popf/empty_action_node
[0.239s] -- Up-to-date symlink: /root/shared/problem5/problem5popf/install/problem5popf/lib/problem5popf/unload_action_node
[0.240s] -- Up-to-date symlink: /root/shared/problem5/problem5popf/install/problem5popf/share/ament_index/resource_index/package_run_dependencies/problem5popf
[0.240s] -- Up-to-date symlink: /root/shared/problem5/problem5popf/install/problem5popf/share/ament_index/resource_index/parent_prefix_path/problem5popf
[0.240s] -- Up-to-date symlink: /root/shared/problem5/problem5popf/install/problem5popf/share/problem5popf/environment/ament_prefix_path.sh
[0.241s] -- Up-to-date symlink: /root/shared/problem5/problem5popf/install/problem5popf/share/problem5popf/environment/ament_prefix_path.dsv
[0.241s] -- Up-to-date symlink: /root/shared/problem5/problem5popf/install/problem5popf/share/problem5popf/environment/path.sh
[0.241s] -- Up-to-date symlink: /root/shared/problem5/problem5popf/install/problem5popf/share/problem5popf/environment/path.dsv
[0.242s] -- Up-to-date symlink: /root/shared/problem5/problem5popf/install/problem5popf/share/problem5popf/local_setup.bash
[0.242s] -- Up-to-date symlink: /root/shared/problem5/problem5popf/install/problem5popf/share/problem5popf/local_setup.sh
[0.242s] -- Up-to-date symlink: /root/shared/problem5/problem5popf/install/problem5popf/share/problem5popf/local_setup.zsh
[0.242s] -- Up-to-date symlink: /root/shared/problem5/problem5popf/install/problem5popf/share/problem5popf/local_setup.dsv
[0.243s] -- Symlinking: /root/shared/problem5/problem5popf/install/problem5popf/share/problem5popf/package.dsv
[0.253s] -- Up-to-date symlink: /root/shared/problem5/problem5popf/install/problem5popf/share/ament_index/resource_index/packages/problem5popf
[0.253s] -- Up-to-date symlink: /root/shared/problem5/problem5popf/install/problem5popf/share/problem5popf/cmake/ament_cmake_export_dependencies-extras.cmake
[0.254s] -- Up-to-date symlink: /root/shared/problem5/problem5popf/install/problem5popf/share/problem5popf/cmake/problem5popfConfig.cmake
[0.254s] -- Up-to-date symlink: /root/shared/problem5/problem5popf/install/problem5popf/share/problem5popf/cmake/problem5popfConfig-version.cmake
[0.254s] -- Up-to-date symlink: /root/shared/problem5/problem5popf/install/problem5popf/share/problem5popf/package.xml
[0.257s] Invoked command in '/root/shared/problem5/problem5popf/build/problem5popf' returned '0': CMAKE_PREFIX_PATH=${CMAKE_PREFIX_PATH}:/opt/ros/humble /usr/bin/cmake --install /root/shared/problem5/problem5popf/build/problem5popf
