[0.295s] DEBUG:colcon:Command line arguments: ['/usr/bin/colcon', 'build', '--symlink-install']
[0.295s] DEBUG:colcon:Parsed command line arguments: Namespace(log_base=None, log_level=None, verb_name='build', build_base='build', install_base='install', merge_install=False, symlink_install=True, test_result_base=None, continue_on_error=False, executor='parallel', parallel_workers=8, event_handlers=None, ignore_user_meta=False, metas=['./colcon.meta'], base_paths=['.'], packages_ignore=None, packages_ignore_regex=None, paths=None, packages_up_to=None, packages_up_to_regex=None, packages_above=None, packages_above_and_dependencies=None, packages_above_depth=None, packages_select_by_dep=None, packages_skip_by_dep=None, packages_skip_up_to=None, packages_select_build_failed=False, packages_skip_build_finished=False, packages_select_test_failures=False, packages_skip_test_passed=False, packages_select=None, packages_skip=None, packages_select_regex=None, packages_skip_regex=None, packages_start=None, packages_end=None, cmake_args=None, cmake_target=None, cmake_target_skip_unavailable=False, cmake_clean_cache=False, cmake_clean_first=False, cmake_force_configure=False, ament_cmake_args=None, catkin_cmake_args=None, catkin_skip_building_tests=False, mixin_files=None, mixin=None, verb_parser=<colcon_mixin.mixin.mixin_argument.MixinArgumentDecorator object at 0x7f01c3ee01f0>, verb_extension=<colcon_core.verb.build.BuildVerb object at 0x7f01c48175e0>, main=<bound method BuildVerb.main of <colcon_core.verb.build.BuildVerb object at 0x7f01c48175e0>>, mixin_verb=('build',))
[0.317s] Level 1:colcon.colcon_core.package_discovery:discover_packages(colcon_meta) check parameters
[0.318s] INFO:colcon.colcon_metadata.package_discovery.colcon_meta:Using configuration from '/root/.colcon/metadata/default/Gazebo.meta'
[0.318s] INFO:colcon.colcon_metadata.package_discovery.colcon_meta:Using configuration from '/root/.colcon/metadata/default/fastrtps.meta'
[0.318s] Level 1:colcon.colcon_core.package_discovery:discover_packages(recursive) check parameters
[0.318s] Level 1:colcon.colcon_core.package_discovery:discover_packages(ignore) check parameters
[0.318s] Level 1:colcon.colcon_core.package_discovery:discover_packages(path) check parameters
[0.318s] Level 1:colcon.colcon_core.package_discovery:discover_packages(colcon_meta) discover
[0.319s] Level 1:colcon.colcon_core.package_discovery:discover_packages(recursive) discover
[0.319s] INFO:colcon.colcon_core.package_discovery:Crawling recursively for packages in '/root/shared/problem5/problem5popf'
[0.319s] Level 1:colcon.colcon_core.package_identification:_identify(.) by extensions ['ignore', 'ignore_ament_install']
[0.319s] Level 1:colcon.colcon_core.package_identification:_identify(.) by extension 'ignore'
[0.319s] Level 1:colcon.colcon_core.package_identification:_identify(.) by extension 'ignore_ament_install'
[0.319s] Level 1:colcon.colcon_core.package_identification:_identify(.) by extensions ['colcon_pkg']
[0.319s] Level 1:colcon.colcon_core.package_identification:_identify(.) by extension 'colcon_pkg'
[0.319s] Level 1:colcon.colcon_core.package_identification:_identify(.) by extensions ['colcon_meta']
[0.319s] Level 1:colcon.colcon_core.package_identification:_identify(.) by extension 'colcon_meta'
[0.319s] Level 1:colcon.colcon_core.package_identification:_identify(.) by extensions ['ros']
[0.319s] Level 1:colcon.colcon_core.package_identification:_identify(.) by extension 'ros'
[0.341s] DEBUG:colcon.colcon_core.package_identification:Package '.' with type 'ros.ament_cmake' and name 'problem5popf'
[0.341s] Level 1:colcon.colcon_core.package_discovery:discover_packages(recursive) using defaults
[0.341s] Level 1:colcon.colcon_core.package_discovery:discover_packages(ignore) discover
[0.341s] Level 1:colcon.colcon_core.package_discovery:discover_packages(ignore) using defaults
[0.341s] Level 1:colcon.colcon_core.package_discovery:discover_packages(path) discover
[0.341s] Level 1:colcon.colcon_core.package_discovery:discover_packages(path) using defaults
[0.363s] Level 5:colcon.colcon_core.verb:set package 'problem5popf' build argument 'cmake_args' from command line to 'None'
[0.363s] Level 5:colcon.colcon_core.verb:set package 'problem5popf' build argument 'cmake_target' from command line to 'None'
[0.364s] Level 5:colcon.colcon_core.verb:set package 'problem5popf' build argument 'cmake_target_skip_unavailable' from command line to 'False'
[0.364s] Level 5:colcon.colcon_core.verb:set package 'problem5popf' build argument 'cmake_clean_cache' from command line to 'False'
[0.364s] Level 5:colcon.colcon_core.verb:set package 'problem5popf' build argument 'cmake_clean_first' from command line to 'False'
[0.364s] Level 5:colcon.colcon_core.verb:set package 'problem5popf' build argument 'cmake_force_configure' from command line to 'False'
[0.364s] Level 5:colcon.colcon_core.verb:set package 'problem5popf' build argument 'ament_cmake_args' from command line to 'None'
[0.364s] Level 5:colcon.colcon_core.verb:set package 'problem5popf' build argument 'catkin_cmake_args' from command line to 'None'
[0.364s] Level 5:colcon.colcon_core.verb:set package 'problem5popf' build argument 'catkin_skip_building_tests' from command line to 'False'
[0.364s] DEBUG:colcon.colcon_core.verb:Building package 'problem5popf' with the following arguments: {'ament_cmake_args': None, 'build_base': '/root/shared/problem5/problem5popf/build/problem5popf', 'catkin_cmake_args': None, 'catkin_skip_building_tests': False, 'cmake_args': None, 'cmake_clean_cache': False, 'cmake_clean_first': False, 'cmake_force_configure': False, 'cmake_target': None, 'cmake_target_skip_unavailable': False, 'install_base': '/root/shared/problem5/problem5popf/install/problem5popf', 'merge_install': False, 'path': '/root/shared/problem5/problem5popf', 'symlink_install': True, 'test_result_base': None}
[0.365s] INFO:colcon.colcon_core.executor:Executing jobs using 'parallel' executor
[0.369s] DEBUG:colcon.colcon_parallel_executor.executor.parallel:run_until_complete
[0.369s] INFO:colcon.colcon_ros.task.ament_cmake.build:Building ROS package in '/root/shared/problem5/problem5popf' with build type 'ament_cmake'
[0.370s] INFO:colcon.colcon_cmake.task.cmake.build:Building CMake package in '/root/shared/problem5/problem5popf'
[0.374s] INFO:colcon.colcon_core.plugin_system:Skipping extension 'colcon_core.shell.bat': Not used on non-Windows systems
[0.374s] INFO:colcon.colcon_core.shell:Skip shell extension 'powershell' for command environment: Not usable outside of PowerShell
[0.374s] DEBUG:colcon.colcon_core.shell:Skip shell extension 'dsv' for command environment
[0.389s] DEBUG:colcon.colcon_core.event_handler.log_command:Invoking command in '/root/shared/problem5/problem5popf/build/problem5popf': CMAKE_PREFIX_PATH=/opt/ros/humble /usr/bin/cmake /root/shared/problem5/problem5popf -DAMENT_CMAKE_SYMLINK_INSTALL=1 -DCMAKE_INSTALL_PREFIX=/root/shared/problem5/problem5popf/install/problem5popf
[8.141s] DEBUG:colcon.colcon_core.event_handler.log_command:Invoked command in '/root/shared/problem5/problem5popf/build/problem5popf' returned '0': CMAKE_PREFIX_PATH=/opt/ros/humble /usr/bin/cmake /root/shared/problem5/problem5popf -DAMENT_CMAKE_SYMLINK_INSTALL=1 -DCMAKE_INSTALL_PREFIX=/root/shared/problem5/problem5popf/install/problem5popf
[8.143s] DEBUG:colcon.colcon_core.event_handler.log_command:Invoking command in '/root/shared/problem5/problem5popf/build/problem5popf': CMAKE_PREFIX_PATH=/opt/ros/humble /usr/bin/cmake --build /root/shared/problem5/problem5popf/build/problem5popf -- -j8 -l8
[19.192s] DEBUG:colcon.colcon_core.event_handler.log_command:Invoked command in '/root/shared/problem5/problem5popf/build/problem5popf' returned '0': CMAKE_PREFIX_PATH=/opt/ros/humble /usr/bin/cmake --build /root/shared/problem5/problem5popf/build/problem5popf -- -j8 -l8
[19.242s] DEBUG:colcon.colcon_core.event_handler.log_command:Invoking command in '/root/shared/problem5/problem5popf/build/problem5popf': CMAKE_PREFIX_PATH=/opt/ros/humble /usr/bin/cmake --install /root/shared/problem5/problem5popf/build/problem5popf
[19.578s] Level 1:colcon.colcon_core.environment:create_environment_scripts_only(problem5popf)
[19.579s] DEBUG:colcon.colcon_core.event_handler.log_command:Invoked command in '/root/shared/problem5/problem5popf/build/problem5popf' returned '0': CMAKE_PREFIX_PATH=/opt/ros/humble /usr/bin/cmake --install /root/shared/problem5/problem5popf/build/problem5popf
[19.584s] Level 1:colcon.colcon_core.environment:checking '/root/shared/problem5/problem5popf/install/problem5popf' for CMake module files
[19.584s] Level 1:colcon.colcon_core.environment:checking '/root/shared/problem5/problem5popf/install/problem5popf' for CMake config files
[19.585s] Level 1:colcon.colcon_core.shell:create_environment_hook('problem5popf', 'cmake_prefix_path')
[19.586s] INFO:colcon.colcon_core.shell:Creating environment hook '/root/shared/problem5/problem5popf/install/problem5popf/share/problem5popf/hook/cmake_prefix_path.ps1'
[19.587s] INFO:colcon.colcon_core.shell:Creating environment descriptor '/root/shared/problem5/problem5popf/install/problem5popf/share/problem5popf/hook/cmake_prefix_path.dsv'
[19.587s] INFO:colcon.colcon_core.shell:Creating environment hook '/root/shared/problem5/problem5popf/install/problem5popf/share/problem5popf/hook/cmake_prefix_path.sh'
[19.588s] Level 1:colcon.colcon_core.environment:checking '/root/shared/problem5/problem5popf/install/problem5popf/lib'
[19.588s] Level 1:colcon.colcon_core.environment:checking '/root/shared/problem5/problem5popf/install/problem5popf/bin'
[19.588s] Level 1:colcon.colcon_core.environment:checking '/root/shared/problem5/problem5popf/install/problem5popf/lib/pkgconfig/problem5popf.pc'
[19.589s] Level 1:colcon.colcon_core.environment:checking '/root/shared/problem5/problem5popf/install/problem5popf/lib/python3.10/site-packages'
[19.590s] Level 1:colcon.colcon_core.environment:checking '/root/shared/problem5/problem5popf/install/problem5popf/bin'
[19.592s] INFO:colcon.colcon_core.shell:Creating package script '/root/shared/problem5/problem5popf/install/problem5popf/share/problem5popf/package.ps1'
[19.592s] INFO:colcon.colcon_core.shell:Creating package descriptor '/root/shared/problem5/problem5popf/install/problem5popf/share/problem5popf/package.dsv'
[19.593s] INFO:colcon.colcon_core.shell:Creating package script '/root/shared/problem5/problem5popf/install/problem5popf/share/problem5popf/package.sh'
[19.594s] INFO:colcon.colcon_core.shell:Creating package script '/root/shared/problem5/problem5popf/install/problem5popf/share/problem5popf/package.bash'
[19.594s] INFO:colcon.colcon_core.shell:Creating package script '/root/shared/problem5/problem5popf/install/problem5popf/share/problem5popf/package.zsh'
[19.595s] Level 1:colcon.colcon_core.environment:create_file_with_runtime_dependencies(/root/shared/problem5/problem5popf/install/problem5popf/share/colcon-core/packages/problem5popf)
[19.644s] Level 1:colcon.colcon_core.environment:create_environment_scripts_only(problem5popf)
[19.646s] Level 1:colcon.colcon_core.environment:checking '/root/shared/problem5/problem5popf/install/problem5popf' for CMake module files
[19.647s] Level 1:colcon.colcon_core.environment:checking '/root/shared/problem5/problem5popf/install/problem5popf' for CMake config files
[19.648s] Level 1:colcon.colcon_core.shell:create_environment_hook('problem5popf', 'cmake_prefix_path')
[19.649s] INFO:colcon.colcon_core.shell:Creating environment hook '/root/shared/problem5/problem5popf/install/problem5popf/share/problem5popf/hook/cmake_prefix_path.ps1'
[19.650s] INFO:colcon.colcon_core.shell:Creating environment descriptor '/root/shared/problem5/problem5popf/install/problem5popf/share/problem5popf/hook/cmake_prefix_path.dsv'
[19.650s] INFO:colcon.colcon_core.shell:Creating environment hook '/root/shared/problem5/problem5popf/install/problem5popf/share/problem5popf/hook/cmake_prefix_path.sh'
[19.651s] Level 1:colcon.colcon_core.environment:checking '/root/shared/problem5/problem5popf/install/problem5popf/lib'
[19.652s] Level 1:colcon.colcon_core.environment:checking '/root/shared/problem5/problem5popf/install/problem5popf/bin'
[19.652s] Level 1:colcon.colcon_core.environment:checking '/root/shared/problem5/problem5popf/install/problem5popf/lib/pkgconfig/problem5popf.pc'
[19.652s] Level 1:colcon.colcon_core.environment:checking '/root/shared/problem5/problem5popf/install/problem5popf/lib/python3.10/site-packages'
[19.653s] Level 1:colcon.colcon_core.environment:checking '/root/shared/problem5/problem5popf/install/problem5popf/bin'
[19.655s] INFO:colcon.colcon_core.shell:Creating package script '/root/shared/problem5/problem5popf/install/problem5popf/share/problem5popf/package.ps1'
[19.656s] INFO:colcon.colcon_core.shell:Creating package descriptor '/root/shared/problem5/problem5popf/install/problem5popf/share/problem5popf/package.dsv'
[19.656s] INFO:colcon.colcon_core.shell:Creating package script '/root/shared/problem5/problem5popf/install/problem5popf/share/problem5popf/package.sh'
[19.657s] INFO:colcon.colcon_core.shell:Creating package script '/root/shared/problem5/problem5popf/install/problem5popf/share/problem5popf/package.bash'
[19.657s] INFO:colcon.colcon_core.shell:Creating package script '/root/shared/problem5/problem5popf/install/problem5popf/share/problem5popf/package.zsh'
[19.658s] Level 1:colcon.colcon_core.environment:create_file_with_runtime_dependencies(/root/shared/problem5/problem5popf/install/problem5popf/share/colcon-core/packages/problem5popf)
[19.658s] DEBUG:colcon.colcon_parallel_executor.executor.parallel:closing loop
[19.658s] DEBUG:colcon.colcon_parallel_executor.executor.parallel:loop closed
[19.658s] DEBUG:colcon.colcon_parallel_executor.executor.parallel:run_until_complete finished with '0'
[19.658s] DEBUG:colcon.colcon_core.event_reactor:joining thread
[19.671s] INFO:colcon.colcon_core.plugin_system:Skipping extension 'colcon_notification.desktop_notification.notify_send': Could not find 'notify-send'
[19.672s] INFO:colcon.colcon_core.plugin_system:Skipping extension 'colcon_notification.desktop_notification.terminal_notifier': Not used on non-Darwin systems
[19.672s] INFO:colcon.colcon_core.plugin_system:Skipping extension 'colcon_notification.desktop_notification.win32': Not used on non-Windows systems
[19.672s] INFO:colcon.colcon_notification.desktop_notification:Sending desktop notification using 'notify2'
[19.676s] DEBUG:colcon.colcon_notification.desktop_notification.notify2:Failed to initialize notify2: org.freedesktop.DBus.Error.Spawn.ExecFailed: /usr/bin/dbus-launch terminated abnormally without any error message
[19.677s] DEBUG:colcon.colcon_core.event_reactor:joined thread
[19.681s] INFO:colcon.colcon_core.shell:Creating prefix script '/root/shared/problem5/problem5popf/install/local_setup.ps1'
[19.682s] INFO:colcon.colcon_core.shell:Creating prefix util module '/root/shared/problem5/problem5popf/install/_local_setup_util_ps1.py'
[19.685s] INFO:colcon.colcon_core.shell:Creating prefix chain script '/root/shared/problem5/problem5popf/install/setup.ps1'
[19.687s] INFO:colcon.colcon_core.shell:Creating prefix script '/root/shared/problem5/problem5popf/install/local_setup.sh'
[19.688s] INFO:colcon.colcon_core.shell:Creating prefix util module '/root/shared/problem5/problem5popf/install/_local_setup_util_sh.py'
[19.690s] INFO:colcon.colcon_core.shell:Creating prefix chain script '/root/shared/problem5/problem5popf/install/setup.sh'
[19.693s] INFO:colcon.colcon_core.shell:Creating prefix script '/root/shared/problem5/problem5popf/install/local_setup.bash'
[19.694s] INFO:colcon.colcon_core.shell:Creating prefix chain script '/root/shared/problem5/problem5popf/install/setup.bash'
[19.697s] INFO:colcon.colcon_core.shell:Creating prefix script '/root/shared/problem5/problem5popf/install/local_setup.zsh'
[19.699s] INFO:colcon.colcon_core.shell:Creating prefix chain script '/root/shared/problem5/problem5popf/install/setup.zsh'
