[0.017s] Invoking command in '/root/shared/problem5/problem5popf/build/problem5popf': CMAKE_PREFIX_PATH=/opt/ros/humble /usr/bin/cmake /root/shared/problem5/problem5popf -DAMENT_CMAKE_SYMLINK_INSTALL=1 -DCMAKE_INSTALL_PREFIX=/root/shared/problem5/problem5popf/install/problem5popf
[0.077s] -- The C compiler identification is GNU 11.3.0
[0.141s] -- The CXX compiler identification is GNU 11.3.0
[0.149s] -- Detecting C compiler ABI info
[0.219s] -- Detecting C compiler ABI info - done
[0.228s] -- Check for working C compiler: /usr/bin/cc - skipped
[0.229s] -- Detecting C compile features
[0.229s] -- Detecting C compile features - done
[0.234s] -- Detecting CXX compiler ABI info
[0.320s] -- Detecting CXX compiler ABI info - done
[0.331s] -- Check for working CXX compiler: /usr/bin/c++ - skipped
[0.332s] -- Detecting CXX compile features
[0.332s] -- Detecting CXX compile features - done
[0.337s] -- Found ament_cmake: 1.3.3 (/opt/ros/humble/share/ament_cmake/cmake)
[0.533s] -- Found Python3: /usr/bin/python3.10 (found version "3.10.6") found components: Interpreter 
[0.676s] -- Override CMake install command with custom implementation using symlinks instead of copying resources
[0.708s] -- Found rclcpp: 16.0.2 (/opt/ros/humble/share/rclcpp/cmake)
[0.769s] -- Found rosidl_generator_c: 3.1.4 (/opt/ros/humble/share/rosidl_generator_c/cmake)
[0.775s] -- Found rosidl_adapter: 3.1.4 (/opt/ros/humble/share/rosidl_adapter/cmake)
[0.785s] -- Found rosidl_generator_cpp: 3.1.4 (/opt/ros/humble/share/rosidl_generator_cpp/cmake)
[0.801s] -- Using all available rosidl_typesupport_c: rosidl_typesupport_fastrtps_c;rosidl_typesupport_introspection_c
[0.829s] -- Using all available rosidl_typesupport_cpp: rosidl_typesupport_fastrtps_cpp;rosidl_typesupport_introspection_cpp
[0.908s] -- Found rmw_implementation_cmake: 6.1.1 (/opt/ros/humble/share/rmw_implementation_cmake/cmake)
[0.912s] -- Found rmw_fastrtps_cpp: 6.2.2 (/opt/ros/humble/share/rmw_fastrtps_cpp/cmake)
[1.019s] -- Found OpenSSL: /usr/lib/x86_64-linux-gnu/libcrypto.so (found version "3.0.2")  
[1.050s] -- Found FastRTPS: /opt/ros/humble/include  
[1.106s] -- Using RMW implementation 'rmw_fastrtps_cpp' as default
[1.120s] -- Looking for pthread.h
[1.194s] -- Looking for pthread.h - found
[1.195s] -- Performing Test CMAKE_HAVE_LIBC_PTHREAD
[1.272s] -- Performing Test CMAKE_HAVE_LIBC_PTHREAD - Success
[1.273s] -- Found Threads: TRUE  
[1.458s] -- Found rclcpp_action: 16.0.2 (/opt/ros/humble/share/rclcpp_action/cmake)
[1.582s] [31mCMake Error at CMakeLists.txt:8 (find_package):
[1.582s]   By not providing "Findplansys2_msgs.cmake" in CMAKE_MODULE_PATH this
[1.582s]   project has asked CMake to find a package configuration file provided by
[1.582s]   "plansys2_msgs", but CMake did not find one.
[1.582s] 
[1.582s]   Could not find a package configuration file provided by "plansys2_msgs"
[1.582s]   with any of the following names:
[1.582s] 
[1.582s]     plansys2_msgsConfig.cmake
[1.583s]     plansys2_msgs-config.cmake
[1.583s] 
[1.583s]   Add the installation prefix of "plansys2_msgs" to CMAKE_PREFIX_PATH or set
[1.583s]   "plansys2_msgs_DIR" to a directory containing one of the above files.  If
[1.583s]   "plansys2_msgs" provides a separate development package or SDK, be sure it
[1.583s]   has been installed.
[1.583s] 
[1.583s] [0m
[1.583s] -- Configuring incomplete, errors occurred!
[1.584s] See also "/root/shared/problem5/problem5popf/build/problem5popf/CMakeFiles/CMakeOutput.log".
[1.590s] Invoked command in '/root/shared/problem5/problem5popf/build/problem5popf' returned '1': CMAKE_PREFIX_PATH=/opt/ros/humble /usr/bin/cmake /root/shared/problem5/problem5popf -DAMENT_CMAKE_SYMLINK_INSTALL=1 -DCMAKE_INSTALL_PREFIX=/root/shared/problem5/problem5popf/install/problem5popf
