[0.307s] DEBUG:colcon:Command line arguments: ['/usr/bin/colcon', 'build', '--symlink-install']
[0.307s] DEBUG:colcon:Parsed command line arguments: Namespace(log_base=None, log_level=None, verb_name='build', build_base='build', install_base='install', merge_install=False, symlink_install=True, test_result_base=None, continue_on_error=False, executor='parallel', parallel_workers=8, event_handlers=None, ignore_user_meta=False, metas=['./colcon.meta'], base_paths=['.'], packages_ignore=None, packages_ignore_regex=None, paths=None, packages_up_to=None, packages_up_to_regex=None, packages_above=None, packages_above_and_dependencies=None, packages_above_depth=None, packages_select_by_dep=None, packages_skip_by_dep=None, packages_skip_up_to=None, packages_select_build_failed=False, packages_skip_build_finished=False, packages_select_test_failures=False, packages_skip_test_passed=False, packages_select=None, packages_skip=None, packages_select_regex=None, packages_skip_regex=None, packages_start=None, packages_end=None, cmake_args=None, cmake_target=None, cmake_target_skip_unavailable=False, cmake_clean_cache=False, cmake_clean_first=False, cmake_force_configure=False, ament_cmake_args=None, catkin_cmake_args=None, catkin_skip_building_tests=False, mixin_files=None, mixin=None, verb_parser=<colcon_mixin.mixin.mixin_argument.MixinArgumentDecorator object at 0x7f35aab9c3d0>, verb_extension=<colcon_core.verb.build.BuildVerb object at 0x7f35ab4dceb0>, main=<bound method BuildVerb.main of <colcon_core.verb.build.BuildVerb object at 0x7f35ab4dceb0>>, mixin_verb=('build',))
[0.330s] Level 1:colcon.colcon_core.package_discovery:discover_packages(colcon_meta) check parameters
[0.331s] INFO:colcon.colcon_metadata.package_discovery.colcon_meta:Using configuration from '/root/.colcon/metadata/default/Gazebo.meta'
[0.331s] INFO:colcon.colcon_metadata.package_discovery.colcon_meta:Using configuration from '/root/.colcon/metadata/default/fastrtps.meta'
[0.331s] Level 1:colcon.colcon_core.package_discovery:discover_packages(recursive) check parameters
[0.331s] Level 1:colcon.colcon_core.package_discovery:discover_packages(ignore) check parameters
[0.331s] Level 1:colcon.colcon_core.package_discovery:discover_packages(path) check parameters
[0.331s] Level 1:colcon.colcon_core.package_discovery:discover_packages(colcon_meta) discover
[0.331s] Level 1:colcon.colcon_core.package_discovery:discover_packages(recursive) discover
[0.331s] INFO:colcon.colcon_core.package_discovery:Crawling recursively for packages in '/root/shared/problem5/problem5popf'
[0.332s] Level 1:colcon.colcon_core.package_identification:_identify(.) by extensions ['ignore', 'ignore_ament_install']
[0.332s] Level 1:colcon.colcon_core.package_identification:_identify(.) by extension 'ignore'
[0.332s] Level 1:colcon.colcon_core.package_identification:_identify(.) by extension 'ignore_ament_install'
[0.332s] Level 1:colcon.colcon_core.package_identification:_identify(.) by extensions ['colcon_pkg']
[0.332s] Level 1:colcon.colcon_core.package_identification:_identify(.) by extension 'colcon_pkg'
[0.332s] Level 1:colcon.colcon_core.package_identification:_identify(.) by extensions ['colcon_meta']
[0.332s] Level 1:colcon.colcon_core.package_identification:_identify(.) by extension 'colcon_meta'
[0.332s] Level 1:colcon.colcon_core.package_identification:_identify(.) by extensions ['ros']
[0.332s] Level 1:colcon.colcon_core.package_identification:_identify(.) by extension 'ros'
[0.354s] DEBUG:colcon.colcon_core.package_identification:Package '.' with type 'ros.ament_cmake' and name 'problem5popf'
[0.354s] Level 1:colcon.colcon_core.package_discovery:discover_packages(recursive) using defaults
[0.354s] Level 1:colcon.colcon_core.package_discovery:discover_packages(ignore) discover
[0.354s] Level 1:colcon.colcon_core.package_discovery:discover_packages(ignore) using defaults
[0.354s] Level 1:colcon.colcon_core.package_discovery:discover_packages(path) discover
[0.354s] Level 1:colcon.colcon_core.package_discovery:discover_packages(path) using defaults
[0.377s] Level 5:colcon.colcon_core.verb:set package 'problem5popf' build argument 'cmake_args' from command line to 'None'
[0.377s] Level 5:colcon.colcon_core.verb:set package 'problem5popf' build argument 'cmake_target' from command line to 'None'
[0.377s] Level 5:colcon.colcon_core.verb:set package 'problem5popf' build argument 'cmake_target_skip_unavailable' from command line to 'False'
[0.377s] Level 5:colcon.colcon_core.verb:set package 'problem5popf' build argument 'cmake_clean_cache' from command line to 'False'
[0.377s] Level 5:colcon.colcon_core.verb:set package 'problem5popf' build argument 'cmake_clean_first' from command line to 'False'
[0.377s] Level 5:colcon.colcon_core.verb:set package 'problem5popf' build argument 'cmake_force_configure' from command line to 'False'
[0.377s] Level 5:colcon.colcon_core.verb:set package 'problem5popf' build argument 'ament_cmake_args' from command line to 'None'
[0.377s] Level 5:colcon.colcon_core.verb:set package 'problem5popf' build argument 'catkin_cmake_args' from command line to 'None'
[0.377s] Level 5:colcon.colcon_core.verb:set package 'problem5popf' build argument 'catkin_skip_building_tests' from command line to 'False'
[0.378s] DEBUG:colcon.colcon_core.verb:Building package 'problem5popf' with the following arguments: {'ament_cmake_args': None, 'build_base': '/root/shared/problem5/problem5popf/build/problem5popf', 'catkin_cmake_args': None, 'catkin_skip_building_tests': False, 'cmake_args': None, 'cmake_clean_cache': False, 'cmake_clean_first': False, 'cmake_force_configure': False, 'cmake_target': None, 'cmake_target_skip_unavailable': False, 'install_base': '/root/shared/problem5/problem5popf/install/problem5popf', 'merge_install': False, 'path': '/root/shared/problem5/problem5popf', 'symlink_install': True, 'test_result_base': None}
[0.379s] INFO:colcon.colcon_core.executor:Executing jobs using 'parallel' executor
[0.383s] DEBUG:colcon.colcon_parallel_executor.executor.parallel:run_until_complete
[0.383s] INFO:colcon.colcon_ros.task.ament_cmake.build:Building ROS package in '/root/shared/problem5/problem5popf' with build type 'ament_cmake'
[0.383s] INFO:colcon.colcon_cmake.task.cmake.build:Building CMake package in '/root/shared/problem5/problem5popf'
[0.389s] INFO:colcon.colcon_core.plugin_system:Skipping extension 'colcon_core.shell.bat': Not used on non-Windows systems
[0.390s] INFO:colcon.colcon_core.shell:Skip shell extension 'powershell' for command environment: Not usable outside of PowerShell
[0.390s] DEBUG:colcon.colcon_core.shell:Skip shell extension 'dsv' for command environment
[0.408s] DEBUG:colcon.colcon_core.event_handler.log_command:Invoking command in '/root/shared/problem5/problem5popf/build/problem5popf': CMAKE_PREFIX_PATH=${CMAKE_PREFIX_PATH}:/opt/ros/humble /usr/bin/cmake --build /root/shared/problem5/problem5popf/build/problem5popf -- -j8 -l8
[20.959s] DEBUG:colcon.colcon_core.event_handler.log_command:Invoked command in '/root/shared/problem5/problem5popf/build/problem5popf' returned '0': CMAKE_PREFIX_PATH=${CMAKE_PREFIX_PATH}:/opt/ros/humble /usr/bin/cmake --build /root/shared/problem5/problem5popf/build/problem5popf -- -j8 -l8
[21.035s] DEBUG:colcon.colcon_core.event_handler.log_command:Invoking command in '/root/shared/problem5/problem5popf/build/problem5popf': CMAKE_PREFIX_PATH=${CMAKE_PREFIX_PATH}:/opt/ros/humble /usr/bin/cmake --install /root/shared/problem5/problem5popf/build/problem5popf
[21.063s] Level 1:colcon.colcon_core.environment:create_environment_scripts_only(problem5popf)
[21.063s] DEBUG:colcon.colcon_core.event_handler.log_command:Invoked command in '/root/shared/problem5/problem5popf/build/problem5popf' returned '0': CMAKE_PREFIX_PATH=${CMAKE_PREFIX_PATH}:/opt/ros/humble /usr/bin/cmake --install /root/shared/problem5/problem5popf/build/problem5popf
[21.069s] Level 1:colcon.colcon_core.environment:checking '/root/shared/problem5/problem5popf/install/problem5popf' for CMake module files
[21.070s] Level 1:colcon.colcon_core.environment:checking '/root/shared/problem5/problem5popf/install/problem5popf' for CMake config files
[21.070s] Level 1:colcon.colcon_core.shell:create_environment_hook('problem5popf', 'cmake_prefix_path')
[21.072s] INFO:colcon.colcon_core.shell:Creating environment hook '/root/shared/problem5/problem5popf/install/problem5popf/share/problem5popf/hook/cmake_prefix_path.ps1'
[21.072s] INFO:colcon.colcon_core.shell:Creating environment descriptor '/root/shared/problem5/problem5popf/install/problem5popf/share/problem5popf/hook/cmake_prefix_path.dsv'
[21.073s] INFO:colcon.colcon_core.shell:Creating environment hook '/root/shared/problem5/problem5popf/install/problem5popf/share/problem5popf/hook/cmake_prefix_path.sh'
[21.074s] Level 1:colcon.colcon_core.environment:checking '/root/shared/problem5/problem5popf/install/problem5popf/lib'
[21.074s] Level 1:colcon.colcon_core.environment:checking '/root/shared/problem5/problem5popf/install/problem5popf/bin'
[21.074s] Level 1:colcon.colcon_core.environment:checking '/root/shared/problem5/problem5popf/install/problem5popf/lib/pkgconfig/problem5popf.pc'
[21.075s] Level 1:colcon.colcon_core.environment:checking '/root/shared/problem5/problem5popf/install/problem5popf/lib/python3.10/site-packages'
[21.075s] Level 1:colcon.colcon_core.environment:checking '/root/shared/problem5/problem5popf/install/problem5popf/bin'
[21.076s] INFO:colcon.colcon_core.shell:Creating package script '/root/shared/problem5/problem5popf/install/problem5popf/share/problem5popf/package.ps1'
[21.077s] INFO:colcon.colcon_core.shell:Creating package descriptor '/root/shared/problem5/problem5popf/install/problem5popf/share/problem5popf/package.dsv'
[21.078s] INFO:colcon.colcon_core.shell:Creating package script '/root/shared/problem5/problem5popf/install/problem5popf/share/problem5popf/package.sh'
[21.078s] INFO:colcon.colcon_core.shell:Creating package script '/root/shared/problem5/problem5popf/install/problem5popf/share/problem5popf/package.bash'
[21.079s] INFO:colcon.colcon_core.shell:Creating package script '/root/shared/problem5/problem5popf/install/problem5popf/share/problem5popf/package.zsh'
[21.080s] Level 1:colcon.colcon_core.environment:create_file_with_runtime_dependencies(/root/shared/problem5/problem5popf/install/problem5popf/share/colcon-core/packages/problem5popf)
[21.143s] Level 1:colcon.colcon_core.environment:create_environment_scripts_only(problem5popf)
[21.144s] Level 1:colcon.colcon_core.environment:checking '/root/shared/problem5/problem5popf/install/problem5popf' for CMake module files
[21.145s] Level 1:colcon.colcon_core.environment:checking '/root/shared/problem5/problem5popf/install/problem5popf' for CMake config files
[21.145s] Level 1:colcon.colcon_core.shell:create_environment_hook('problem5popf', 'cmake_prefix_path')
[21.146s] INFO:colcon.colcon_core.shell:Creating environment hook '/root/shared/problem5/problem5popf/install/problem5popf/share/problem5popf/hook/cmake_prefix_path.ps1'
[21.147s] INFO:colcon.colcon_core.shell:Creating environment descriptor '/root/shared/problem5/problem5popf/install/problem5popf/share/problem5popf/hook/cmake_prefix_path.dsv'
[21.147s] INFO:colcon.colcon_core.shell:Creating environment hook '/root/shared/problem5/problem5popf/install/problem5popf/share/problem5popf/hook/cmake_prefix_path.sh'
[21.148s] Level 1:colcon.colcon_core.environment:checking '/root/shared/problem5/problem5popf/install/problem5popf/lib'
[21.148s] Level 1:colcon.colcon_core.environment:checking '/root/shared/problem5/problem5popf/install/problem5popf/bin'
[21.148s] Level 1:colcon.colcon_core.environment:checking '/root/shared/problem5/problem5popf/install/problem5popf/lib/pkgconfig/problem5popf.pc'
[21.148s] Level 1:colcon.colcon_core.environment:checking '/root/shared/problem5/problem5popf/install/problem5popf/lib/python3.10/site-packages'
[21.149s] Level 1:colcon.colcon_core.environment:checking '/root/shared/problem5/problem5popf/install/problem5popf/bin'
[21.151s] INFO:colcon.colcon_core.shell:Creating package script '/root/shared/problem5/problem5popf/install/problem5popf/share/problem5popf/package.ps1'
[21.151s] INFO:colcon.colcon_core.shell:Creating package descriptor '/root/shared/problem5/problem5popf/install/problem5popf/share/problem5popf/package.dsv'
[21.152s] INFO:colcon.colcon_core.shell:Creating package script '/root/shared/problem5/problem5popf/install/problem5popf/share/problem5popf/package.sh'
[21.152s] INFO:colcon.colcon_core.shell:Creating package script '/root/shared/problem5/problem5popf/install/problem5popf/share/problem5popf/package.bash'
[21.152s] INFO:colcon.colcon_core.shell:Creating package script '/root/shared/problem5/problem5popf/install/problem5popf/share/problem5popf/package.zsh'
[21.153s] Level 1:colcon.colcon_core.environment:create_file_with_runtime_dependencies(/root/shared/problem5/problem5popf/install/problem5popf/share/colcon-core/packages/problem5popf)
[21.153s] DEBUG:colcon.colcon_parallel_executor.executor.parallel:closing loop
[21.154s] DEBUG:colcon.colcon_parallel_executor.executor.parallel:loop closed
[21.154s] DEBUG:colcon.colcon_parallel_executor.executor.parallel:run_until_complete finished with '0'
[21.154s] DEBUG:colcon.colcon_core.event_reactor:joining thread
[21.162s] INFO:colcon.colcon_core.plugin_system:Skipping extension 'colcon_notification.desktop_notification.notify_send': Could not find 'notify-send'
[21.162s] INFO:colcon.colcon_core.plugin_system:Skipping extension 'colcon_notification.desktop_notification.terminal_notifier': Not used on non-Darwin systems
[21.162s] INFO:colcon.colcon_core.plugin_system:Skipping extension 'colcon_notification.desktop_notification.win32': Not used on non-Windows systems
[21.162s] INFO:colcon.colcon_notification.desktop_notification:Sending desktop notification using 'notify2'
[21.164s] DEBUG:colcon.colcon_notification.desktop_notification.notify2:Failed to initialize notify2: org.freedesktop.DBus.Error.Spawn.ExecFailed: /usr/bin/dbus-launch terminated abnormally without any error message
[21.165s] DEBUG:colcon.colcon_core.event_reactor:joined thread
[21.169s] INFO:colcon.colcon_core.shell:Creating prefix script '/root/shared/problem5/problem5popf/install/local_setup.ps1'
[21.171s] INFO:colcon.colcon_core.shell:Creating prefix util module '/root/shared/problem5/problem5popf/install/_local_setup_util_ps1.py'
[21.176s] INFO:colcon.colcon_core.shell:Creating prefix chain script '/root/shared/problem5/problem5popf/install/setup.ps1'
[21.179s] INFO:colcon.colcon_core.shell:Creating prefix script '/root/shared/problem5/problem5popf/install/local_setup.sh'
[21.179s] INFO:colcon.colcon_core.shell:Creating prefix util module '/root/shared/problem5/problem5popf/install/_local_setup_util_sh.py'
[21.180s] INFO:colcon.colcon_core.shell:Creating prefix chain script '/root/shared/problem5/problem5popf/install/setup.sh'
[21.184s] INFO:colcon.colcon_core.shell:Creating prefix script '/root/shared/problem5/problem5popf/install/local_setup.bash'
[21.185s] INFO:colcon.colcon_core.shell:Creating prefix chain script '/root/shared/problem5/problem5popf/install/setup.bash'
[21.189s] INFO:colcon.colcon_core.shell:Creating prefix script '/root/shared/problem5/problem5popf/install/local_setup.zsh'
[21.190s] INFO:colcon.colcon_core.shell:Creating prefix chain script '/root/shared/problem5/problem5popf/install/setup.zsh'
