[0.299s] DEBUG:colcon:Command line arguments: ['/usr/bin/colcon', 'build', '--symlink-install']
[0.299s] DEBUG:colcon:Parsed command line arguments: Namespace(log_base=None, log_level=None, verb_name='build', build_base='build', install_base='install', merge_install=False, symlink_install=True, test_result_base=None, continue_on_error=False, executor='parallel', parallel_workers=8, event_handlers=None, ignore_user_meta=False, metas=['./colcon.meta'], base_paths=['.'], packages_ignore=None, packages_ignore_regex=None, paths=None, packages_up_to=None, packages_up_to_regex=None, packages_above=None, packages_above_and_dependencies=None, packages_above_depth=None, packages_select_by_dep=None, packages_skip_by_dep=None, packages_skip_up_to=None, packages_select_build_failed=False, packages_skip_build_finished=False, packages_select_test_failures=False, packages_skip_test_passed=False, packages_select=None, packages_skip=None, packages_select_regex=None, packages_skip_regex=None, packages_start=None, packages_end=None, cmake_args=None, cmake_target=None, cmake_target_skip_unavailable=False, cmake_clean_cache=False, cmake_clean_first=False, cmake_force_configure=False, ament_cmake_args=None, catkin_cmake_args=None, catkin_skip_building_tests=False, mixin_files=None, mixin=None, verb_parser=<colcon_mixin.mixin.mixin_argument.MixinArgumentDecorator object at 0x7fab8d508430>, verb_extension=<colcon_core.verb.build.BuildVerb object at 0x7fab8de3e050>, main=<bound method BuildVerb.main of <colcon_core.verb.build.BuildVerb object at 0x7fab8de3e050>>, mixin_verb=('build',))
[0.321s] Level 1:colcon.colcon_core.package_discovery:discover_packages(colcon_meta) check parameters
[0.322s] INFO:colcon.colcon_metadata.package_discovery.colcon_meta:Using configuration from '/root/.colcon/metadata/default/Gazebo.meta'
[0.322s] INFO:colcon.colcon_metadata.package_discovery.colcon_meta:Using configuration from '/root/.colcon/metadata/default/fastrtps.meta'
[0.322s] Level 1:colcon.colcon_core.package_discovery:discover_packages(recursive) check parameters
[0.322s] Level 1:colcon.colcon_core.package_discovery:discover_packages(ignore) check parameters
[0.323s] Level 1:colcon.colcon_core.package_discovery:discover_packages(path) check parameters
[0.323s] Level 1:colcon.colcon_core.package_discovery:discover_packages(colcon_meta) discover
[0.323s] Level 1:colcon.colcon_core.package_discovery:discover_packages(recursive) discover
[0.323s] INFO:colcon.colcon_core.package_discovery:Crawling recursively for packages in '/root/shared/problem5/problem5tfd'
[0.323s] Level 1:colcon.colcon_core.package_identification:_identify(.) by extensions ['ignore', 'ignore_ament_install']
[0.323s] Level 1:colcon.colcon_core.package_identification:_identify(.) by extension 'ignore'
[0.323s] Level 1:colcon.colcon_core.package_identification:_identify(.) by extension 'ignore_ament_install'
[0.323s] Level 1:colcon.colcon_core.package_identification:_identify(.) by extensions ['colcon_pkg']
[0.323s] Level 1:colcon.colcon_core.package_identification:_identify(.) by extension 'colcon_pkg'
[0.323s] Level 1:colcon.colcon_core.package_identification:_identify(.) by extensions ['colcon_meta']
[0.323s] Level 1:colcon.colcon_core.package_identification:_identify(.) by extension 'colcon_meta'
[0.323s] Level 1:colcon.colcon_core.package_identification:_identify(.) by extensions ['ros']
[0.323s] Level 1:colcon.colcon_core.package_identification:_identify(.) by extension 'ros'
[0.345s] DEBUG:colcon.colcon_core.package_identification:Package '.' with type 'ros.ament_cmake' and name 'problem5tfd'
[0.345s] Level 1:colcon.colcon_core.package_discovery:discover_packages(recursive) using defaults
[0.345s] Level 1:colcon.colcon_core.package_discovery:discover_packages(ignore) discover
[0.345s] Level 1:colcon.colcon_core.package_discovery:discover_packages(ignore) using defaults
[0.345s] Level 1:colcon.colcon_core.package_discovery:discover_packages(path) discover
[0.345s] Level 1:colcon.colcon_core.package_discovery:discover_packages(path) using defaults
[0.369s] Level 5:colcon.colcon_core.verb:set package 'problem5tfd' build argument 'cmake_args' from command line to 'None'
[0.369s] Level 5:colcon.colcon_core.verb:set package 'problem5tfd' build argument 'cmake_target' from command line to 'None'
[0.369s] Level 5:colcon.colcon_core.verb:set package 'problem5tfd' build argument 'cmake_target_skip_unavailable' from command line to 'False'
[0.369s] Level 5:colcon.colcon_core.verb:set package 'problem5tfd' build argument 'cmake_clean_cache' from command line to 'False'
[0.369s] Level 5:colcon.colcon_core.verb:set package 'problem5tfd' build argument 'cmake_clean_first' from command line to 'False'
[0.369s] Level 5:colcon.colcon_core.verb:set package 'problem5tfd' build argument 'cmake_force_configure' from command line to 'False'
[0.369s] Level 5:colcon.colcon_core.verb:set package 'problem5tfd' build argument 'ament_cmake_args' from command line to 'None'
[0.369s] Level 5:colcon.colcon_core.verb:set package 'problem5tfd' build argument 'catkin_cmake_args' from command line to 'None'
[0.369s] Level 5:colcon.colcon_core.verb:set package 'problem5tfd' build argument 'catkin_skip_building_tests' from command line to 'False'
[0.369s] DEBUG:colcon.colcon_core.verb:Building package 'problem5tfd' with the following arguments: {'ament_cmake_args': None, 'build_base': '/root/shared/problem5/problem5tfd/build/problem5tfd', 'catkin_cmake_args': None, 'catkin_skip_building_tests': False, 'cmake_args': None, 'cmake_clean_cache': False, 'cmake_clean_first': False, 'cmake_force_configure': False, 'cmake_target': None, 'cmake_target_skip_unavailable': False, 'install_base': '/root/shared/problem5/problem5tfd/install/problem5tfd', 'merge_install': False, 'path': '/root/shared/problem5/problem5tfd', 'symlink_install': True, 'test_result_base': None}
[0.371s] INFO:colcon.colcon_core.executor:Executing jobs using 'parallel' executor
[0.375s] DEBUG:colcon.colcon_parallel_executor.executor.parallel:run_until_complete
[0.375s] INFO:colcon.colcon_ros.task.ament_cmake.build:Building ROS package in '/root/shared/problem5/problem5tfd' with build type 'ament_cmake'
[0.375s] INFO:colcon.colcon_cmake.task.cmake.build:Building CMake package in '/root/shared/problem5/problem5tfd'
[0.379s] INFO:colcon.colcon_core.plugin_system:Skipping extension 'colcon_core.shell.bat': Not used on non-Windows systems
[0.380s] INFO:colcon.colcon_core.shell:Skip shell extension 'powershell' for command environment: Not usable outside of PowerShell
[0.380s] DEBUG:colcon.colcon_core.shell:Skip shell extension 'dsv' for command environment
[0.395s] DEBUG:colcon.colcon_core.event_handler.log_command:Invoking command in '/root/shared/problem5/problem5tfd/build/problem5tfd': CMAKE_PREFIX_PATH=${CMAKE_PREFIX_PATH}:/opt/ros/humble /usr/bin/cmake /root/shared/problem5/problem5tfd -DAMENT_CMAKE_SYMLINK_INSTALL=1 -DCMAKE_INSTALL_PREFIX=/root/shared/problem5/problem5tfd/install/problem5tfd
[10.589s] DEBUG:colcon.colcon_core.event_handler.log_command:Invoked command in '/root/shared/problem5/problem5tfd/build/problem5tfd' returned '0': CMAKE_PREFIX_PATH=${CMAKE_PREFIX_PATH}:/opt/ros/humble /usr/bin/cmake /root/shared/problem5/problem5tfd -DAMENT_CMAKE_SYMLINK_INSTALL=1 -DCMAKE_INSTALL_PREFIX=/root/shared/problem5/problem5tfd/install/problem5tfd
[10.591s] DEBUG:colcon.colcon_core.event_handler.log_command:Invoking command in '/root/shared/problem5/problem5tfd/build/problem5tfd': CMAKE_PREFIX_PATH=${CMAKE_PREFIX_PATH}:/opt/ros/humble /usr/bin/cmake --build /root/shared/problem5/problem5tfd/build/problem5tfd -- -j8 -l8
[22.146s] DEBUG:colcon.colcon_core.event_handler.log_command:Invoked command in '/root/shared/problem5/problem5tfd/build/problem5tfd' returned '0': CMAKE_PREFIX_PATH=${CMAKE_PREFIX_PATH}:/opt/ros/humble /usr/bin/cmake --build /root/shared/problem5/problem5tfd/build/problem5tfd -- -j8 -l8
[22.221s] DEBUG:colcon.colcon_core.event_handler.log_command:Invoking command in '/root/shared/problem5/problem5tfd/build/problem5tfd': CMAKE_PREFIX_PATH=${CMAKE_PREFIX_PATH}:/opt/ros/humble /usr/bin/cmake --install /root/shared/problem5/problem5tfd/build/problem5tfd
[22.492s] Level 1:colcon.colcon_core.environment:create_environment_scripts_only(problem5tfd)
[22.494s] DEBUG:colcon.colcon_core.event_handler.log_command:Invoked command in '/root/shared/problem5/problem5tfd/build/problem5tfd' returned '0': CMAKE_PREFIX_PATH=${CMAKE_PREFIX_PATH}:/opt/ros/humble /usr/bin/cmake --install /root/shared/problem5/problem5tfd/build/problem5tfd
[22.499s] Level 1:colcon.colcon_core.environment:checking '/root/shared/problem5/problem5tfd/install/problem5tfd' for CMake module files
[22.500s] Level 1:colcon.colcon_core.environment:checking '/root/shared/problem5/problem5tfd/install/problem5tfd' for CMake config files
[22.500s] Level 1:colcon.colcon_core.shell:create_environment_hook('problem5tfd', 'cmake_prefix_path')
[22.502s] INFO:colcon.colcon_core.shell:Creating environment hook '/root/shared/problem5/problem5tfd/install/problem5tfd/share/problem5tfd/hook/cmake_prefix_path.ps1'
[22.503s] INFO:colcon.colcon_core.shell:Creating environment descriptor '/root/shared/problem5/problem5tfd/install/problem5tfd/share/problem5tfd/hook/cmake_prefix_path.dsv'
[22.503s] INFO:colcon.colcon_core.shell:Creating environment hook '/root/shared/problem5/problem5tfd/install/problem5tfd/share/problem5tfd/hook/cmake_prefix_path.sh'
[22.504s] Level 1:colcon.colcon_core.environment:checking '/root/shared/problem5/problem5tfd/install/problem5tfd/lib'
[22.504s] Level 1:colcon.colcon_core.environment:checking '/root/shared/problem5/problem5tfd/install/problem5tfd/bin'
[22.505s] Level 1:colcon.colcon_core.environment:checking '/root/shared/problem5/problem5tfd/install/problem5tfd/lib/pkgconfig/problem5tfd.pc'
[22.506s] Level 1:colcon.colcon_core.environment:checking '/root/shared/problem5/problem5tfd/install/problem5tfd/lib/python3.10/site-packages'
[22.506s] Level 1:colcon.colcon_core.environment:checking '/root/shared/problem5/problem5tfd/install/problem5tfd/bin'
[22.508s] INFO:colcon.colcon_core.shell:Creating package script '/root/shared/problem5/problem5tfd/install/problem5tfd/share/problem5tfd/package.ps1'
[22.509s] INFO:colcon.colcon_core.shell:Creating package descriptor '/root/shared/problem5/problem5tfd/install/problem5tfd/share/problem5tfd/package.dsv'
[22.509s] INFO:colcon.colcon_core.shell:Creating package script '/root/shared/problem5/problem5tfd/install/problem5tfd/share/problem5tfd/package.sh'
[22.510s] INFO:colcon.colcon_core.shell:Creating package script '/root/shared/problem5/problem5tfd/install/problem5tfd/share/problem5tfd/package.bash'
[22.511s] INFO:colcon.colcon_core.shell:Creating package script '/root/shared/problem5/problem5tfd/install/problem5tfd/share/problem5tfd/package.zsh'
[22.512s] Level 1:colcon.colcon_core.environment:create_file_with_runtime_dependencies(/root/shared/problem5/problem5tfd/install/problem5tfd/share/colcon-core/packages/problem5tfd)
[22.574s] Level 1:colcon.colcon_core.environment:create_environment_scripts_only(problem5tfd)
[22.576s] Level 1:colcon.colcon_core.environment:checking '/root/shared/problem5/problem5tfd/install/problem5tfd' for CMake module files
[22.577s] Level 1:colcon.colcon_core.environment:checking '/root/shared/problem5/problem5tfd/install/problem5tfd' for CMake config files
[22.577s] Level 1:colcon.colcon_core.shell:create_environment_hook('problem5tfd', 'cmake_prefix_path')
[22.578s] INFO:colcon.colcon_core.shell:Creating environment hook '/root/shared/problem5/problem5tfd/install/problem5tfd/share/problem5tfd/hook/cmake_prefix_path.ps1'
[22.579s] INFO:colcon.colcon_core.shell:Creating environment descriptor '/root/shared/problem5/problem5tfd/install/problem5tfd/share/problem5tfd/hook/cmake_prefix_path.dsv'
[22.580s] INFO:colcon.colcon_core.shell:Creating environment hook '/root/shared/problem5/problem5tfd/install/problem5tfd/share/problem5tfd/hook/cmake_prefix_path.sh'
[22.580s] Level 1:colcon.colcon_core.environment:checking '/root/shared/problem5/problem5tfd/install/problem5tfd/lib'
[22.580s] Level 1:colcon.colcon_core.environment:checking '/root/shared/problem5/problem5tfd/install/problem5tfd/bin'
[22.580s] Level 1:colcon.colcon_core.environment:checking '/root/shared/problem5/problem5tfd/install/problem5tfd/lib/pkgconfig/problem5tfd.pc'
[22.581s] Level 1:colcon.colcon_core.environment:checking '/root/shared/problem5/problem5tfd/install/problem5tfd/lib/python3.10/site-packages'
[22.581s] Level 1:colcon.colcon_core.environment:checking '/root/shared/problem5/problem5tfd/install/problem5tfd/bin'
[22.582s] INFO:colcon.colcon_core.shell:Creating package script '/root/shared/problem5/problem5tfd/install/problem5tfd/share/problem5tfd/package.ps1'
[22.583s] INFO:colcon.colcon_core.shell:Creating package descriptor '/root/shared/problem5/problem5tfd/install/problem5tfd/share/problem5tfd/package.dsv'
[22.583s] INFO:colcon.colcon_core.shell:Creating package script '/root/shared/problem5/problem5tfd/install/problem5tfd/share/problem5tfd/package.sh'
[22.584s] INFO:colcon.colcon_core.shell:Creating package script '/root/shared/problem5/problem5tfd/install/problem5tfd/share/problem5tfd/package.bash'
[22.584s] INFO:colcon.colcon_core.shell:Creating package script '/root/shared/problem5/problem5tfd/install/problem5tfd/share/problem5tfd/package.zsh'
[22.585s] Level 1:colcon.colcon_core.environment:create_file_with_runtime_dependencies(/root/shared/problem5/problem5tfd/install/problem5tfd/share/colcon-core/packages/problem5tfd)
[22.586s] DEBUG:colcon.colcon_parallel_executor.executor.parallel:closing loop
[22.587s] DEBUG:colcon.colcon_parallel_executor.executor.parallel:loop closed
[22.587s] DEBUG:colcon.colcon_parallel_executor.executor.parallel:run_until_complete finished with '0'
[22.587s] DEBUG:colcon.colcon_core.event_reactor:joining thread
[22.594s] INFO:colcon.colcon_core.plugin_system:Skipping extension 'colcon_notification.desktop_notification.notify_send': Could not find 'notify-send'
[22.595s] INFO:colcon.colcon_core.plugin_system:Skipping extension 'colcon_notification.desktop_notification.terminal_notifier': Not used on non-Darwin systems
[22.595s] INFO:colcon.colcon_core.plugin_system:Skipping extension 'colcon_notification.desktop_notification.win32': Not used on non-Windows systems
[22.595s] INFO:colcon.colcon_notification.desktop_notification:Sending desktop notification using 'notify2'
[22.597s] DEBUG:colcon.colcon_notification.desktop_notification.notify2:Failed to initialize notify2: org.freedesktop.DBus.Error.Spawn.ExecFailed: /usr/bin/dbus-launch terminated abnormally without any error message
[22.597s] DEBUG:colcon.colcon_core.event_reactor:joined thread
[22.600s] INFO:colcon.colcon_core.shell:Creating prefix script '/root/shared/problem5/problem5tfd/install/local_setup.ps1'
[22.601s] INFO:colcon.colcon_core.shell:Creating prefix util module '/root/shared/problem5/problem5tfd/install/_local_setup_util_ps1.py'
[22.602s] INFO:colcon.colcon_core.shell:Creating prefix chain script '/root/shared/problem5/problem5tfd/install/setup.ps1'
[22.607s] INFO:colcon.colcon_core.shell:Creating prefix script '/root/shared/problem5/problem5tfd/install/local_setup.sh'
[22.609s] INFO:colcon.colcon_core.shell:Creating prefix util module '/root/shared/problem5/problem5tfd/install/_local_setup_util_sh.py'
[22.609s] INFO:colcon.colcon_core.shell:Creating prefix chain script '/root/shared/problem5/problem5tfd/install/setup.sh'
[22.613s] INFO:colcon.colcon_core.shell:Creating prefix script '/root/shared/problem5/problem5tfd/install/local_setup.bash'
[22.614s] INFO:colcon.colcon_core.shell:Creating prefix chain script '/root/shared/problem5/problem5tfd/install/setup.bash'
[22.618s] INFO:colcon.colcon_core.shell:Creating prefix script '/root/shared/problem5/problem5tfd/install/local_setup.zsh'
[22.619s] INFO:colcon.colcon_core.shell:Creating prefix chain script '/root/shared/problem5/problem5tfd/install/setup.zsh'
