-- The C compiler identification is GNU 11.3.0
-- The CXX compiler identification is GNU 11.3.0
-- Detecting C compiler ABI info
-- Detecting C compiler ABI info - done
-- Check for working C compiler: /usr/bin/cc - skipped
-- Detecting C compile features
-- Detecting C compile features - done
-- Detecting CXX compiler ABI info
-- Detecting CXX compiler ABI info - done
-- Check for working CXX compiler: /usr/bin/c++ - skipped
-- Detecting CXX compile features
-- Detecting CXX compile features - done
-- Found ament_cmake: 1.3.3 (/opt/ros/humble/share/ament_cmake/cmake)
-- Found Python3: /usr/bin/python3.10 (found version "3.10.6") found components: Interpreter 
-- Override CMake install command with custom implementation using symlinks instead of copying resources
-- Found rclcpp: 16.0.2 (/opt/ros/humble/share/rclcpp/cmake)
-- Found rosidl_generator_c: 3.1.4 (/opt/ros/humble/share/rosidl_generator_c/cmake)
-- Found rosidl_adapter: 3.1.4 (/opt/ros/humble/share/rosidl_adapter/cmake)
-- Found rosidl_generator_cpp: 3.1.4 (/opt/ros/humble/share/rosidl_generator_cpp/cmake)
-- Using all available rosidl_typesupport_c: rosidl_typesupport_fastrtps_c;rosidl_typesupport_introspection_c
-- Using all available rosidl_typesupport_cpp: rosidl_typesupport_fastrtps_cpp;rosidl_typesupport_introspection_cpp
-- Found rmw_implementation_cmake: 6.1.1 (/opt/ros/humble/share/rmw_implementation_cmake/cmake)
-- Found rmw_fastrtps_cpp: 6.2.2 (/opt/ros/humble/share/rmw_fastrtps_cpp/cmake)
-- Found OpenSSL: /usr/lib/x86_64-linux-gnu/libcrypto.so (found version "3.0.2")  
-- Found FastRTPS: /opt/ros/humble/include  
-- Using RMW implementation 'rmw_fastrtps_cpp' as default
-- Looking for pthread.h
-- Looking for pthread.h - found
-- Performing Test CMAKE_HAVE_LIBC_PTHREAD
-- Performing Test CMAKE_HAVE_LIBC_PTHREAD - Success
-- Found Threads: TRUE  
-- Found rclcpp_action: 16.0.2 (/opt/ros/humble/share/rclcpp_action/cmake)
-- Found plansys2_msgs: 2.0.8 (/root/plansys2_ws/install/plansys2_msgs/share/plansys2_msgs/cmake)
-- Found plansys2_executor: 2.0.8 (/root/plansys2_ws/install/plansys2_executor/share/plansys2_executor/cmake)
-- Found ament_lint_auto: 0.12.4 (/opt/ros/humble/share/ament_lint_auto/cmake)
-- Added test 'copyright' to check source files copyright and LICENSE
-- Added test 'cppcheck' to perform static code analysis on C / C++ code
-- Configured cppcheck include dirs: 
-- Configured cppcheck exclude dirs and/or files: 
-- Added test 'cpplint' to check C / C++ code against the Google style
-- Configured cpplint exclude dirs and/or files: 
-- Added test 'flake8' to check Python code syntax and style conventions
-- Added test 'lint_cmake' to check CMake code style
-- Added test 'pep257' to check Python code against some of the docstring style conventions in PEP 257
-- Added test 'uncrustify' to check C / C++ code style
-- Configured uncrustify additional arguments: 
-- Added test 'xmllint' to check XML markup files
-- Configuring done
-- Generating done
-- Build files have been written to: /root/shared/problem5/problem5tfd/build/problem5tfd
[ 10%] [32mBuilding CXX object CMakeFiles/empty_action_node.dir/src/empty_action_node.cpp.o[0m
[ 30%] [32mBuilding CXX object CMakeFiles/fill_action_node.dir/src/fill_action_node.cpp.o[0m
[ 30%] [32mBuilding CXX object CMakeFiles/load_action_node.dir/src/load_action_node.cpp.o[0m
[ 40%] [32mBuilding CXX object CMakeFiles/unload_action_node.dir/src/unload_action_node.cpp.o[0m
[ 50%] [32mBuilding CXX object CMakeFiles/move_action_node.dir/src/move_action_node.cpp.o[0m
[ 60%] [32m[1mLinking CXX executable empty_action_node[0m
[ 70%] [32m[1mLinking CXX executable fill_action_node[0m
[ 70%] Built target empty_action_node
[ 70%] Built target fill_action_node
[ 80%] [32m[1mLinking CXX executable unload_action_node[0m
[ 90%] [32m[1mLinking CXX executable move_action_node[0m
[100%] [32m[1mLinking CXX executable load_action_node[0m
[100%] Built target unload_action_node
[100%] Built target move_action_node
[100%] Built target load_action_node
-- Install configuration: ""
-- Execute custom install script
-- Symlinking: /root/shared/problem5/problem5tfd/install/problem5tfd/share/problem5tfd/launch/commands
-- Symlinking: /root/shared/problem5/problem5tfd/install/problem5tfd/share/problem5tfd/launch/launcher.py
-- Symlinking: /root/shared/problem5/problem5tfd/install/problem5tfd/share/problem5tfd/pddl/domain.pddl
-- Symlinking: /root/shared/problem5/problem5tfd/install/problem5tfd/lib/problem5tfd/move_action_node
-- Symlinking: /root/shared/problem5/problem5tfd/install/problem5tfd/lib/problem5tfd/load_action_node
-- Symlinking: /root/shared/problem5/problem5tfd/install/problem5tfd/lib/problem5tfd/fill_action_node
-- Symlinking: /root/shared/problem5/problem5tfd/install/problem5tfd/lib/problem5tfd/empty_action_node
-- Symlinking: /root/shared/problem5/problem5tfd/install/problem5tfd/lib/problem5tfd/unload_action_node
-- Symlinking: /root/shared/problem5/problem5tfd/install/problem5tfd/share/ament_index/resource_index/package_run_dependencies/problem5tfd
-- Symlinking: /root/shared/problem5/problem5tfd/install/problem5tfd/share/ament_index/resource_index/parent_prefix_path/problem5tfd
-- Symlinking: /root/shared/problem5/problem5tfd/install/problem5tfd/share/problem5tfd/environment/ament_prefix_path.sh
-- Symlinking: /root/shared/problem5/problem5tfd/install/problem5tfd/share/problem5tfd/environment/ament_prefix_path.dsv
-- Symlinking: /root/shared/problem5/problem5tfd/install/problem5tfd/share/problem5tfd/environment/path.sh
-- Symlinking: /root/shared/problem5/problem5tfd/install/problem5tfd/share/problem5tfd/environment/path.dsv
-- Symlinking: /root/shared/problem5/problem5tfd/install/problem5tfd/share/problem5tfd/local_setup.bash
-- Symlinking: /root/shared/problem5/problem5tfd/install/problem5tfd/share/problem5tfd/local_setup.sh
-- Symlinking: /root/shared/problem5/problem5tfd/install/problem5tfd/share/problem5tfd/local_setup.zsh
-- Symlinking: /root/shared/problem5/problem5tfd/install/problem5tfd/share/problem5tfd/local_setup.dsv
-- Symlinking: /root/shared/problem5/problem5tfd/install/problem5tfd/share/problem5tfd/package.dsv
-- Symlinking: /root/shared/problem5/problem5tfd/install/problem5tfd/share/ament_index/resource_index/packages/problem5tfd
-- Symlinking: /root/shared/problem5/problem5tfd/install/problem5tfd/share/problem5tfd/cmake/ament_cmake_export_dependencies-extras.cmake
-- Symlinking: /root/shared/problem5/problem5tfd/install/problem5tfd/share/problem5tfd/cmake/problem5tfdConfig.cmake
-- Symlinking: /root/shared/problem5/problem5tfd/install/problem5tfd/share/problem5tfd/cmake/problem5tfdConfig-version.cmake
-- Symlinking: /root/shared/problem5/problem5tfd/install/problem5tfd/share/problem5tfd/package.xml
