[0.019s] Invoking command in '/root/shared/problem5/problem5tfd/build/problem5tfd': CMAKE_PREFIX_PATH=${CMAKE_PREFIX_PATH}:/opt/ros/humble /usr/bin/cmake /root/shared/problem5/problem5tfd -DAMENT_CMAKE_SYMLINK_INSTALL=1 -DCMAKE_INSTALL_PREFIX=/root/shared/problem5/problem5tfd/install/problem5tfd
[0.090s] -- The C compiler identification is GNU 11.3.0
[0.157s] -- The CXX compiler identification is GNU 11.3.0
[0.168s] -- Detecting C compiler ABI info
[0.252s] -- Detecting C compiler ABI info - done
[0.260s] -- Check for working C compiler: /usr/bin/cc - skipped
[0.260s] -- Detecting C compile features
[0.261s] -- Detecting C compile features - done
[0.264s] -- Detecting CXX compiler ABI info
[0.380s] -- Detecting CXX compiler ABI info - done
[0.390s] -- Check for working CXX compiler: /usr/bin/c++ - skipped
[0.390s] -- Detecting CXX compile features
[0.391s] -- Detecting CXX compile features - done
[0.399s] -- Found ament_cmake: 1.3.3 (/opt/ros/humble/share/ament_cmake/cmake)
[0.897s] -- Found Python3: /usr/bin/python3.10 (found version "3.10.6") found components: Interpreter 
[0.991s] -- Override CMake install command with custom implementation using symlinks instead of copying resources
[1.098s] -- Found rclcpp: 16.0.2 (/opt/ros/humble/share/rclcpp/cmake)
[1.223s] -- Found rosidl_generator_c: 3.1.4 (/opt/ros/humble/share/rosidl_generator_c/cmake)
[1.240s] -- Found rosidl_adapter: 3.1.4 (/opt/ros/humble/share/rosidl_adapter/cmake)
[1.259s] -- Found rosidl_generator_cpp: 3.1.4 (/opt/ros/humble/share/rosidl_generator_cpp/cmake)
[1.291s] -- Using all available rosidl_typesupport_c: rosidl_typesupport_fastrtps_c;rosidl_typesupport_introspection_c
[1.351s] -- Using all available rosidl_typesupport_cpp: rosidl_typesupport_fastrtps_cpp;rosidl_typesupport_introspection_cpp
[1.529s] -- Found rmw_implementation_cmake: 6.1.1 (/opt/ros/humble/share/rmw_implementation_cmake/cmake)
[1.537s] -- Found rmw_fastrtps_cpp: 6.2.2 (/opt/ros/humble/share/rmw_fastrtps_cpp/cmake)
[1.701s] -- Found OpenSSL: /usr/lib/x86_64-linux-gnu/libcrypto.so (found version "3.0.2")  
[1.741s] -- Found FastRTPS: /opt/ros/humble/include  
[1.810s] -- Using RMW implementation 'rmw_fastrtps_cpp' as default
[1.840s] -- Looking for pthread.h
[1.937s] -- Looking for pthread.h - found
[1.937s] -- Performing Test CMAKE_HAVE_LIBC_PTHREAD
[2.037s] -- Performing Test CMAKE_HAVE_LIBC_PTHREAD - Success
[2.038s] -- Found Threads: TRUE  
[2.263s] -- Found rclcpp_action: 16.0.2 (/opt/ros/humble/share/rclcpp_action/cmake)
[2.398s] -- Found plansys2_msgs: 2.0.8 (/root/plansys2_ws/install/plansys2_msgs/share/plansys2_msgs/cmake)
[2.526s] -- Found plansys2_executor: 2.0.8 (/root/plansys2_ws/install/plansys2_executor/share/plansys2_executor/cmake)
[9.855s] -- Found ament_lint_auto: 0.12.4 (/opt/ros/humble/share/ament_lint_auto/cmake)
[9.997s] -- Added test 'copyright' to check source files copyright and LICENSE
[10.007s] -- Added test 'cppcheck' to perform static code analysis on C / C++ code
[10.007s] -- Configured cppcheck include dirs: 
[10.007s] -- Configured cppcheck exclude dirs and/or files: 
[10.016s] -- Added test 'cpplint' to check C / C++ code against the Google style
[10.016s] -- Configured cpplint exclude dirs and/or files: 
[10.018s] -- Added test 'flake8' to check Python code syntax and style conventions
[10.021s] -- Added test 'lint_cmake' to check CMake code style
[10.023s] -- Added test 'pep257' to check Python code against some of the docstring style conventions in PEP 257
[10.033s] -- Added test 'uncrustify' to check C / C++ code style
[10.033s] -- Configured uncrustify additional arguments: 
[10.035s] -- Added test 'xmllint' to check XML markup files
[10.040s] -- Configuring done
[10.200s] -- Generating done
[10.202s] -- Build files have been written to: /root/shared/problem5/problem5tfd/build/problem5tfd
[10.213s] Invoked command in '/root/shared/problem5/problem5tfd/build/problem5tfd' returned '0': CMAKE_PREFIX_PATH=${CMAKE_PREFIX_PATH}:/opt/ros/humble /usr/bin/cmake /root/shared/problem5/problem5tfd -DAMENT_CMAKE_SYMLINK_INSTALL=1 -DCMAKE_INSTALL_PREFIX=/root/shared/problem5/problem5tfd/install/problem5tfd
[10.215s] Invoking command in '/root/shared/problem5/problem5tfd/build/problem5tfd': CMAKE_PREFIX_PATH=${CMAKE_PREFIX_PATH}:/opt/ros/humble /usr/bin/cmake --build /root/shared/problem5/problem5tfd/build/problem5tfd -- -j8 -l8
[10.296s] [ 10%] [32mBuilding CXX object CMakeFiles/empty_action_node.dir/src/empty_action_node.cpp.o[0m
[10.297s] [ 30%] [32mBuilding CXX object CMakeFiles/fill_action_node.dir/src/fill_action_node.cpp.o[0m
[10.297s] [ 30%] [32mBuilding CXX object CMakeFiles/load_action_node.dir/src/load_action_node.cpp.o[0m
[10.297s] [ 40%] [32mBuilding CXX object CMakeFiles/unload_action_node.dir/src/unload_action_node.cpp.o[0m
[10.298s] [ 50%] [32mBuilding CXX object CMakeFiles/move_action_node.dir/src/move_action_node.cpp.o[0m
[16.376s] [ 60%] [32m[1mLinking CXX executable empty_action_node[0m
[16.422s] [ 70%] [32m[1mLinking CXX executable fill_action_node[0m
[18.305s] [ 70%] Built target empty_action_node
[18.864s] [ 70%] Built target fill_action_node
[19.250s] [ 80%] [32m[1mLinking CXX executable unload_action_node[0m
[19.424s] [ 90%] [32m[1mLinking CXX executable move_action_node[0m
[19.717s] [100%] [32m[1mLinking CXX executable load_action_node[0m
[21.425s] [100%] Built target unload_action_node
[21.596s] [100%] Built target move_action_node
[21.758s] [100%] Built target load_action_node
[21.770s] Invoked command in '/root/shared/problem5/problem5tfd/build/problem5tfd' returned '0': CMAKE_PREFIX_PATH=${CMAKE_PREFIX_PATH}:/opt/ros/humble /usr/bin/cmake --build /root/shared/problem5/problem5tfd/build/problem5tfd -- -j8 -l8
[21.846s] Invoking command in '/root/shared/problem5/problem5tfd/build/problem5tfd': CMAKE_PREFIX_PATH=${CMAKE_PREFIX_PATH}:/opt/ros/humble /usr/bin/cmake --install /root/shared/problem5/problem5tfd/build/problem5tfd
[21.854s] -- Install configuration: ""
[21.855s] -- Execute custom install script
[21.855s] -- Symlinking: /root/shared/problem5/problem5tfd/install/problem5tfd/share/problem5tfd/launch/commands
[21.865s] -- Symlinking: /root/shared/problem5/problem5tfd/install/problem5tfd/share/problem5tfd/launch/launcher.py
[21.875s] -- Symlinking: /root/shared/problem5/problem5tfd/install/problem5tfd/share/problem5tfd/pddl/domain.pddl
[21.886s] -- Symlinking: /root/shared/problem5/problem5tfd/install/problem5tfd/lib/problem5tfd/move_action_node
[21.898s] -- Symlinking: /root/shared/problem5/problem5tfd/install/problem5tfd/lib/problem5tfd/load_action_node
[21.911s] -- Symlinking: /root/shared/problem5/problem5tfd/install/problem5tfd/lib/problem5tfd/fill_action_node
[21.921s] -- Symlinking: /root/shared/problem5/problem5tfd/install/problem5tfd/lib/problem5tfd/empty_action_node
[21.932s] -- Symlinking: /root/shared/problem5/problem5tfd/install/problem5tfd/lib/problem5tfd/unload_action_node
[21.942s] -- Symlinking: /root/shared/problem5/problem5tfd/install/problem5tfd/share/ament_index/resource_index/package_run_dependencies/problem5tfd
[21.953s] -- Symlinking: /root/shared/problem5/problem5tfd/install/problem5tfd/share/ament_index/resource_index/parent_prefix_path/problem5tfd
[21.963s] -- Symlinking: /root/shared/problem5/problem5tfd/install/problem5tfd/share/problem5tfd/environment/ament_prefix_path.sh
[21.973s] -- Symlinking: /root/shared/problem5/problem5tfd/install/problem5tfd/share/problem5tfd/environment/ament_prefix_path.dsv
[21.984s] -- Symlinking: /root/shared/problem5/problem5tfd/install/problem5tfd/share/problem5tfd/environment/path.sh
[21.995s] -- Symlinking: /root/shared/problem5/problem5tfd/install/problem5tfd/share/problem5tfd/environment/path.dsv
[22.006s] -- Symlinking: /root/shared/problem5/problem5tfd/install/problem5tfd/share/problem5tfd/local_setup.bash
[22.018s] -- Symlinking: /root/shared/problem5/problem5tfd/install/problem5tfd/share/problem5tfd/local_setup.sh
[22.028s] -- Symlinking: /root/shared/problem5/problem5tfd/install/problem5tfd/share/problem5tfd/local_setup.zsh
[22.039s] -- Symlinking: /root/shared/problem5/problem5tfd/install/problem5tfd/share/problem5tfd/local_setup.dsv
[22.049s] -- Symlinking: /root/shared/problem5/problem5tfd/install/problem5tfd/share/problem5tfd/package.dsv
[22.060s] -- Symlinking: /root/shared/problem5/problem5tfd/install/problem5tfd/share/ament_index/resource_index/packages/problem5tfd
[22.070s] -- Symlinking: /root/shared/problem5/problem5tfd/install/problem5tfd/share/problem5tfd/cmake/ament_cmake_export_dependencies-extras.cmake
[22.081s] -- Symlinking: /root/shared/problem5/problem5tfd/install/problem5tfd/share/problem5tfd/cmake/problem5tfdConfig.cmake
[22.092s] -- Symlinking: /root/shared/problem5/problem5tfd/install/problem5tfd/share/problem5tfd/cmake/problem5tfdConfig-version.cmake
[22.104s] -- Symlinking: /root/shared/problem5/problem5tfd/install/problem5tfd/share/problem5tfd/package.xml
[22.118s] Invoked command in '/root/shared/problem5/problem5tfd/build/problem5tfd' returned '0': CMAKE_PREFIX_PATH=${CMAKE_PREFIX_PATH}:/opt/ros/humble /usr/bin/cmake --install /root/shared/problem5/problem5tfd/build/problem5tfd
