[0.360s] DEBUG:colcon:Command line arguments: ['/usr/bin/colcon', 'build', '--symlink-install']
[0.360s] DEBUG:colcon:Parsed command line arguments: Namespace(log_base=None, log_level=None, verb_name='build', build_base='build', install_base='install', merge_install=False, symlink_install=True, test_result_base=None, continue_on_error=False, executor='parallel', parallel_workers=8, event_handlers=None, ignore_user_meta=False, metas=['./colcon.meta'], base_paths=['.'], packages_ignore=None, packages_ignore_regex=None, paths=None, packages_up_to=None, packages_up_to_regex=None, packages_above=None, packages_above_and_dependencies=None, packages_above_depth=None, packages_select_by_dep=None, packages_skip_by_dep=None, packages_skip_up_to=None, packages_select_build_failed=False, packages_skip_build_finished=False, packages_select_test_failures=False, packages_skip_test_passed=False, packages_select=None, packages_skip=None, packages_select_regex=None, packages_skip_regex=None, packages_start=None, packages_end=None, cmake_args=None, cmake_target=None, cmake_target_skip_unavailable=False, cmake_clean_cache=False, cmake_clean_first=False, cmake_force_configure=False, ament_cmake_args=None, catkin_cmake_args=None, catkin_skip_building_tests=False, mixin_files=None, mixin=None, verb_parser=<colcon_mixin.mixin.mixin_argument.MixinArgumentDecorator object at 0x7f6040cf85b0>, verb_extension=<colcon_core.verb.build.BuildVerb object at 0x7f6041633100>, main=<bound method BuildVerb.main of <colcon_core.verb.build.BuildVerb object at 0x7f6041633100>>, mixin_verb=('build',))
[0.383s] Level 1:colcon.colcon_core.package_discovery:discover_packages(colcon_meta) check parameters
[0.384s] INFO:colcon.colcon_metadata.package_discovery.colcon_meta:Using configuration from '/root/.colcon/metadata/default/Gazebo.meta'
[0.387s] INFO:colcon.colcon_metadata.package_discovery.colcon_meta:Using configuration from '/root/.colcon/metadata/default/fastrtps.meta'
[0.387s] Level 1:colcon.colcon_core.package_discovery:discover_packages(recursive) check parameters
[0.387s] Level 1:colcon.colcon_core.package_discovery:discover_packages(ignore) check parameters
[0.387s] Level 1:colcon.colcon_core.package_discovery:discover_packages(path) check parameters
[0.387s] Level 1:colcon.colcon_core.package_discovery:discover_packages(colcon_meta) discover
[0.387s] Level 1:colcon.colcon_core.package_discovery:discover_packages(recursive) discover
[0.387s] INFO:colcon.colcon_core.package_discovery:Crawling recursively for packages in '/root/shared/problem5/problem5popf'
[0.388s] Level 1:colcon.colcon_core.package_identification:_identify(.) by extensions ['ignore', 'ignore_ament_install']
[0.388s] Level 1:colcon.colcon_core.package_identification:_identify(.) by extension 'ignore'
[0.388s] Level 1:colcon.colcon_core.package_identification:_identify(.) by extension 'ignore_ament_install'
[0.388s] Level 1:colcon.colcon_core.package_identification:_identify(.) by extensions ['colcon_pkg']
[0.388s] Level 1:colcon.colcon_core.package_identification:_identify(.) by extension 'colcon_pkg'
[0.388s] Level 1:colcon.colcon_core.package_identification:_identify(.) by extensions ['colcon_meta']
[0.388s] Level 1:colcon.colcon_core.package_identification:_identify(.) by extension 'colcon_meta'
[0.388s] Level 1:colcon.colcon_core.package_identification:_identify(.) by extensions ['ros']
[0.388s] Level 1:colcon.colcon_core.package_identification:_identify(.) by extension 'ros'
[0.410s] DEBUG:colcon.colcon_core.package_identification:Package '.' with type 'ros.ament_cmake' and name 'problem5popf'
[0.410s] Level 1:colcon.colcon_core.package_discovery:discover_packages(recursive) using defaults
[0.410s] Level 1:colcon.colcon_core.package_discovery:discover_packages(ignore) discover
[0.410s] Level 1:colcon.colcon_core.package_discovery:discover_packages(ignore) using defaults
[0.410s] Level 1:colcon.colcon_core.package_discovery:discover_packages(path) discover
[0.410s] Level 1:colcon.colcon_core.package_discovery:discover_packages(path) using defaults
[0.435s] Level 5:colcon.colcon_core.verb:set package 'problem5popf' build argument 'cmake_args' from command line to 'None'
[0.435s] Level 5:colcon.colcon_core.verb:set package 'problem5popf' build argument 'cmake_target' from command line to 'None'
[0.435s] Level 5:colcon.colcon_core.verb:set package 'problem5popf' build argument 'cmake_target_skip_unavailable' from command line to 'False'
[0.435s] Level 5:colcon.colcon_core.verb:set package 'problem5popf' build argument 'cmake_clean_cache' from command line to 'False'
[0.435s] Level 5:colcon.colcon_core.verb:set package 'problem5popf' build argument 'cmake_clean_first' from command line to 'False'
[0.435s] Level 5:colcon.colcon_core.verb:set package 'problem5popf' build argument 'cmake_force_configure' from command line to 'False'
[0.435s] Level 5:colcon.colcon_core.verb:set package 'problem5popf' build argument 'ament_cmake_args' from command line to 'None'
[0.435s] Level 5:colcon.colcon_core.verb:set package 'problem5popf' build argument 'catkin_cmake_args' from command line to 'None'
[0.435s] Level 5:colcon.colcon_core.verb:set package 'problem5popf' build argument 'catkin_skip_building_tests' from command line to 'False'
[0.435s] DEBUG:colcon.colcon_core.verb:Building package 'problem5popf' with the following arguments: {'ament_cmake_args': None, 'build_base': '/root/shared/problem5/problem5popf/build/problem5popf', 'catkin_cmake_args': None, 'catkin_skip_building_tests': False, 'cmake_args': None, 'cmake_clean_cache': False, 'cmake_clean_first': False, 'cmake_force_configure': False, 'cmake_target': None, 'cmake_target_skip_unavailable': False, 'install_base': '/root/shared/problem5/problem5popf/install/problem5popf', 'merge_install': False, 'path': '/root/shared/problem5/problem5popf', 'symlink_install': True, 'test_result_base': None}
[0.437s] INFO:colcon.colcon_core.executor:Executing jobs using 'parallel' executor
[0.441s] DEBUG:colcon.colcon_parallel_executor.executor.parallel:run_until_complete
[0.441s] INFO:colcon.colcon_ros.task.ament_cmake.build:Building ROS package in '/root/shared/problem5/problem5popf' with build type 'ament_cmake'
[0.441s] INFO:colcon.colcon_cmake.task.cmake.build:Building CMake package in '/root/shared/problem5/problem5popf'
[0.446s] INFO:colcon.colcon_core.plugin_system:Skipping extension 'colcon_core.shell.bat': Not used on non-Windows systems
[0.447s] INFO:colcon.colcon_core.shell:Skip shell extension 'powershell' for command environment: Not usable outside of PowerShell
[0.447s] DEBUG:colcon.colcon_core.shell:Skip shell extension 'dsv' for command environment
[0.459s] DEBUG:colcon.colcon_core.event_handler.log_command:Invoking command in '/root/shared/problem5/problem5popf/build/problem5popf': CMAKE_PREFIX_PATH=/opt/ros/humble /usr/bin/cmake /root/shared/problem5/problem5popf -DAMENT_CMAKE_SYMLINK_INSTALL=1 -DCMAKE_INSTALL_PREFIX=/root/shared/problem5/problem5popf/install/problem5popf
[2.031s] DEBUG:colcon.colcon_core.event_handler.log_command:Invoked command in '/root/shared/problem5/problem5popf/build/problem5popf' returned '1': CMAKE_PREFIX_PATH=/opt/ros/humble /usr/bin/cmake /root/shared/problem5/problem5popf -DAMENT_CMAKE_SYMLINK_INSTALL=1 -DCMAKE_INSTALL_PREFIX=/root/shared/problem5/problem5popf/install/problem5popf
[2.043s] Level 1:colcon.colcon_core.environment:create_environment_scripts_only(problem5popf)
[2.050s] Level 1:colcon.colcon_core.environment:checking '/root/shared/problem5/problem5popf/install/problem5popf' for CMake module files
[2.050s] Level 1:colcon.colcon_core.environment:checking '/root/shared/problem5/problem5popf/install/problem5popf' for CMake config files
[2.051s] Level 1:colcon.colcon_core.environment:checking '/root/shared/problem5/problem5popf/install/problem5popf/bin'
[2.051s] Level 1:colcon.colcon_core.environment:checking '/root/shared/problem5/problem5popf/install/problem5popf/lib/pkgconfig/problem5popf.pc'
[2.052s] Level 1:colcon.colcon_core.environment:checking '/root/shared/problem5/problem5popf/install/problem5popf/lib/python3.10/site-packages'
[2.052s] Level 1:colcon.colcon_core.environment:checking '/root/shared/problem5/problem5popf/install/problem5popf/bin'
[2.053s] INFO:colcon.colcon_core.shell:Creating package script '/root/shared/problem5/problem5popf/install/problem5popf/share/problem5popf/package.ps1'
[2.054s] INFO:colcon.colcon_core.shell:Creating package descriptor '/root/shared/problem5/problem5popf/install/problem5popf/share/problem5popf/package.dsv'
[2.055s] INFO:colcon.colcon_core.shell:Creating package script '/root/shared/problem5/problem5popf/install/problem5popf/share/problem5popf/package.sh'
[2.055s] INFO:colcon.colcon_core.shell:Creating package script '/root/shared/problem5/problem5popf/install/problem5popf/share/problem5popf/package.bash'
[2.056s] INFO:colcon.colcon_core.shell:Creating package script '/root/shared/problem5/problem5popf/install/problem5popf/share/problem5popf/package.zsh'
[2.057s] Level 1:colcon.colcon_core.environment:create_file_with_runtime_dependencies(/root/shared/problem5/problem5popf/install/problem5popf/share/colcon-core/packages/problem5popf)
[2.068s] DEBUG:colcon.colcon_parallel_executor.executor.parallel:closing loop
[2.068s] DEBUG:colcon.colcon_parallel_executor.executor.parallel:loop closed
[2.068s] DEBUG:colcon.colcon_parallel_executor.executor.parallel:run_until_complete finished with '1'
[2.068s] DEBUG:colcon.colcon_core.event_reactor:joining thread
[2.079s] INFO:colcon.colcon_core.plugin_system:Skipping extension 'colcon_notification.desktop_notification.notify_send': Could not find 'notify-send'
[2.079s] INFO:colcon.colcon_core.plugin_system:Skipping extension 'colcon_notification.desktop_notification.terminal_notifier': Not used on non-Darwin systems
[2.079s] INFO:colcon.colcon_core.plugin_system:Skipping extension 'colcon_notification.desktop_notification.win32': Not used on non-Windows systems
[2.079s] INFO:colcon.colcon_notification.desktop_notification:Sending desktop notification using 'notify2'
[2.082s] DEBUG:colcon.colcon_notification.desktop_notification.notify2:Failed to initialize notify2: org.freedesktop.DBus.Error.Spawn.ExecFailed: /usr/bin/dbus-launch terminated abnormally without any error message
[2.082s] DEBUG:colcon.colcon_core.event_reactor:joined thread
[2.084s] INFO:colcon.colcon_core.shell:Creating prefix script '/root/shared/problem5/problem5popf/install/local_setup.ps1'
[2.086s] INFO:colcon.colcon_core.shell:Creating prefix util module '/root/shared/problem5/problem5popf/install/_local_setup_util_ps1.py'
[2.088s] INFO:colcon.colcon_core.shell:Creating prefix chain script '/root/shared/problem5/problem5popf/install/setup.ps1'
[2.090s] INFO:colcon.colcon_core.shell:Creating prefix script '/root/shared/problem5/problem5popf/install/local_setup.sh'
[2.091s] INFO:colcon.colcon_core.shell:Creating prefix util module '/root/shared/problem5/problem5popf/install/_local_setup_util_sh.py'
[2.091s] INFO:colcon.colcon_core.shell:Creating prefix chain script '/root/shared/problem5/problem5popf/install/setup.sh'
[2.093s] INFO:colcon.colcon_core.shell:Creating prefix script '/root/shared/problem5/problem5popf/install/local_setup.bash'
[2.094s] INFO:colcon.colcon_core.shell:Creating prefix chain script '/root/shared/problem5/problem5popf/install/setup.bash'
[2.096s] INFO:colcon.colcon_core.shell:Creating prefix script '/root/shared/problem5/problem5popf/install/local_setup.zsh'
[2.099s] INFO:colcon.colcon_core.shell:Creating prefix chain script '/root/shared/problem5/problem5popf/install/setup.zsh'
