[0.019s] Invoking command in '/root/shared/problem5/problem5popf/build/problem5popf': CMAKE_PREFIX_PATH=/opt/ros/humble /usr/bin/cmake /root/shared/problem5/problem5popf -DAMENT_CMAKE_SYMLINK_INSTALL=1 -DCMAKE_INSTALL_PREFIX=/root/shared/problem5/problem5popf/install/problem5popf
[0.032s] -- Found ament_cmake: 1.3.3 (/opt/ros/humble/share/ament_cmake/cmake)
[0.172s] -- Override CMake install command with custom implementation using symlinks instead of copying resources
[0.182s] -- Found rclcpp: 16.0.2 (/opt/ros/humble/share/rclcpp/cmake)
[0.219s] -- Found rosidl_generator_c: 3.1.4 (/opt/ros/humble/share/rosidl_generator_c/cmake)
[0.222s] -- Found rosidl_adapter: 3.1.4 (/opt/ros/humble/share/rosidl_adapter/cmake)
[0.230s] -- Found rosidl_generator_cpp: 3.1.4 (/opt/ros/humble/share/rosidl_generator_cpp/cmake)
[0.242s] -- Using all available rosidl_typesupport_c: rosidl_typesupport_fastrtps_c;rosidl_typesupport_introspection_c
[0.259s] -- Using all available rosidl_typesupport_cpp: rosidl_typesupport_fastrtps_cpp;rosidl_typesupport_introspection_cpp
[0.332s] -- Found rmw_implementation_cmake: 6.1.1 (/opt/ros/humble/share/rmw_implementation_cmake/cmake)
[0.333s] -- Found rmw_fastrtps_cpp: 6.2.2 (/opt/ros/humble/share/rmw_fastrtps_cpp/cmake)
[0.475s] -- Using RMW implementation 'rmw_fastrtps_cpp' as default
[0.656s] -- Found rclcpp_action: 16.0.2 (/opt/ros/humble/share/rclcpp_action/cmake)
[0.761s] -- Found plansys2_msgs: 2.0.9 (/opt/ros/humble/share/plansys2_msgs/cmake)
[0.873s] -- Found plansys2_executor: 2.0.9 (/opt/ros/humble/share/plansys2_executor/cmake)
[7.395s] -- Found ament_lint_auto: 0.12.4 (/opt/ros/humble/share/ament_lint_auto/cmake)
[7.548s] -- Added test 'copyright' to check source files copyright and LICENSE
[7.558s] -- Added test 'cppcheck' to perform static code analysis on C / C++ code
[7.559s] -- Configured cppcheck include dirs: 
[7.559s] -- Configured cppcheck exclude dirs and/or files: 
[7.569s] -- Added test 'cpplint' to check C / C++ code against the Google style
[7.569s] -- Configured cpplint exclude dirs and/or files: 
[7.571s] -- Added test 'flake8' to check Python code syntax and style conventions
[7.574s] -- Added test 'lint_cmake' to check CMake code style
[7.576s] -- Added test 'pep257' to check Python code against some of the docstring style conventions in PEP 257
[7.587s] -- Added test 'uncrustify' to check C / C++ code style
[7.587s] -- Configured uncrustify additional arguments: 
[7.588s] -- Added test 'xmllint' to check XML markup files
[7.592s] -- Configuring done
[7.761s] -- Generating done
[7.763s] -- Build files have been written to: /root/shared/problem5/problem5popf/build/problem5popf
[7.772s] Invoked command in '/root/shared/problem5/problem5popf/build/problem5popf' returned '0': CMAKE_PREFIX_PATH=/opt/ros/humble /usr/bin/cmake /root/shared/problem5/problem5popf -DAMENT_CMAKE_SYMLINK_INSTALL=1 -DCMAKE_INSTALL_PREFIX=/root/shared/problem5/problem5popf/install/problem5popf
[7.773s] Invoking command in '/root/shared/problem5/problem5popf/build/problem5popf': CMAKE_PREFIX_PATH=/opt/ros/humble /usr/bin/cmake --build /root/shared/problem5/problem5popf/build/problem5popf -- -j8 -l8
[7.833s] [ 20%] [32mBuilding CXX object CMakeFiles/fill_action_node.dir/src/fill_action_node.cpp.o[0m
[7.834s] [ 20%] [32mBuilding CXX object CMakeFiles/move_action_node.dir/src/move_action_node.cpp.o[0m
[7.837s] [ 40%] [32mBuilding CXX object CMakeFiles/empty_action_node.dir/src/empty_action_node.cpp.o[0m
[7.837s] [ 40%] [32mBuilding CXX object CMakeFiles/load_action_node.dir/src/load_action_node.cpp.o[0m
[7.838s] [ 50%] [32mBuilding CXX object CMakeFiles/unload_action_node.dir/src/unload_action_node.cpp.o[0m
[16.664s] [ 60%] [32m[1mLinking CXX executable unload_action_node[0m
[16.848s] [ 70%] [32m[1mLinking CXX executable fill_action_node[0m
[16.976s] [ 70%] Built target unload_action_node
[17.198s] [ 70%] Built target fill_action_node
[18.088s] [ 80%] [32m[1mLinking CXX executable load_action_node[0m
[18.330s] [ 80%] Built target load_action_node
[18.538s] [ 90%] [32m[1mLinking CXX executable move_action_node[0m
[18.563s] [100%] [32m[1mLinking CXX executable empty_action_node[0m
[18.783s] [100%] Built target move_action_node
[18.812s] [100%] Built target empty_action_node
[18.823s] Invoked command in '/root/shared/problem5/problem5popf/build/problem5popf' returned '0': CMAKE_PREFIX_PATH=/opt/ros/humble /usr/bin/cmake --build /root/shared/problem5/problem5popf/build/problem5popf -- -j8 -l8
[18.872s] Invoking command in '/root/shared/problem5/problem5popf/build/problem5popf': CMAKE_PREFIX_PATH=/opt/ros/humble /usr/bin/cmake --install /root/shared/problem5/problem5popf/build/problem5popf
[18.879s] -- Install configuration: ""
[18.880s] -- Execute custom install script
[18.880s] -- Symlinking: /root/shared/problem5/problem5popf/install/problem5popf/share/problem5popf/launch/commands
[18.890s] -- Symlinking: /root/shared/problem5/problem5popf/install/problem5popf/share/problem5popf/launch/launcher.py
[18.899s] -- Symlinking: /root/shared/problem5/problem5popf/install/problem5popf/share/problem5popf/pddl/domain.pddl
[18.908s] -- Symlinking: /root/shared/problem5/problem5popf/install/problem5popf/share/problem5popf/pddl/simple_example.pddl
[18.918s] -- Symlinking: /root/shared/problem5/problem5popf/install/problem5popf/lib/problem5popf/move_action_node
[18.928s] -- Symlinking: /root/shared/problem5/problem5popf/install/problem5popf/lib/problem5popf/load_action_node
[18.942s] -- Symlinking: /root/shared/problem5/problem5popf/install/problem5popf/lib/problem5popf/fill_action_node
[18.957s] -- Symlinking: /root/shared/problem5/problem5popf/install/problem5popf/lib/problem5popf/empty_action_node
[18.973s] -- Symlinking: /root/shared/problem5/problem5popf/install/problem5popf/lib/problem5popf/unload_action_node
[18.995s] -- Symlinking: /root/shared/problem5/problem5popf/install/problem5popf/share/ament_index/resource_index/package_run_dependencies/problem5popf
[19.024s] -- Symlinking: /root/shared/problem5/problem5popf/install/problem5popf/share/ament_index/resource_index/parent_prefix_path/problem5popf
[19.050s] -- Symlinking: /root/shared/problem5/problem5popf/install/problem5popf/share/problem5popf/environment/ament_prefix_path.sh
[19.073s] -- Symlinking: /root/shared/problem5/problem5popf/install/problem5popf/share/problem5popf/environment/ament_prefix_path.dsv
[19.093s] -- Symlinking: /root/shared/problem5/problem5popf/install/problem5popf/share/problem5popf/environment/path.sh
[19.104s] -- Symlinking: /root/shared/problem5/problem5popf/install/problem5popf/share/problem5popf/environment/path.dsv
[19.112s] -- Symlinking: /root/shared/problem5/problem5popf/install/problem5popf/share/problem5popf/local_setup.bash
[19.120s] -- Symlinking: /root/shared/problem5/problem5popf/install/problem5popf/share/problem5popf/local_setup.sh
[19.129s] -- Symlinking: /root/shared/problem5/problem5popf/install/problem5popf/share/problem5popf/local_setup.zsh
[19.138s] -- Symlinking: /root/shared/problem5/problem5popf/install/problem5popf/share/problem5popf/local_setup.dsv
[19.147s] -- Symlinking: /root/shared/problem5/problem5popf/install/problem5popf/share/problem5popf/package.dsv
[19.158s] -- Symlinking: /root/shared/problem5/problem5popf/install/problem5popf/share/ament_index/resource_index/packages/problem5popf
[19.172s] -- Symlinking: /root/shared/problem5/problem5popf/install/problem5popf/share/problem5popf/cmake/ament_cmake_export_dependencies-extras.cmake
[19.181s] -- Symlinking: /root/shared/problem5/problem5popf/install/problem5popf/share/problem5popf/cmake/problem5popfConfig.cmake
[19.190s] -- Symlinking: /root/shared/problem5/problem5popf/install/problem5popf/share/problem5popf/cmake/problem5popfConfig-version.cmake
[19.199s] -- Symlinking: /root/shared/problem5/problem5popf/install/problem5popf/share/problem5popf/package.xml
[19.210s] Invoked command in '/root/shared/problem5/problem5popf/build/problem5popf' returned '0': CMAKE_PREFIX_PATH=/opt/ros/humble /usr/bin/cmake --install /root/shared/problem5/problem5popf/build/problem5popf
